{"synthetic": false,
 "outputs": null,
 "log":
 [{"message":
   ".> ELAN=elan ELAN_HOME=/Users/chaitanya/.elan ELAN_TOOLCHAIN=leanprover/lean4:v4.24.0 LAKE=/Users/chaitanya/.elan/toolchains/leanprover--lean4---v4.24.0/bin/lake LAKE_HOME=/Users/chaitanya/.elan/toolchains/leanprover--lean4---v4.24.0 LAKE_PKG_URL_MAP={} LAKE_NO_CACHE=false LAKE_ARTIFACT_CACHE=false LAKE_CACHE_DIR=/Users/chaitanya/.elan/toolchains/leanprover--lean4---v4.24.0/lake/cache LEAN=/Users/chaitanya/.elan/toolchains/leanprover--lean4---v4.24.0/bin/lean LEAN_SYSROOT=/Users/chaitanya/.elan/toolchains/leanprover--lean4---v4.24.0 LEAN_AR=/Users/chaitanya/.elan/toolchains/leanprover--lean4---v4.24.0/bin/llvm-ar LEAN_CC= LEAN_PATH=/Users/chaitanya/Documents/workers.io/alpenglow-proof/lean-specs/.lake/packages/batteries/.lake/build/lib/lean:/Users/chaitanya/Documents/workers.io/alpenglow-proof/lean-specs/.lake/packages/Qq/.lake/build/lib/lean:/Users/chaitanya/Documents/workers.io/alpenglow-proof/lean-specs/.lake/packages/aesop/.lake/build/lib/lean:/Users/chaitanya/Documents/workers.io/alpenglow-proof/lean-specs/.lake/packages/proofwidgets/.lake/build/lib/lean:/Users/chaitanya/Documents/workers.io/alpenglow-proof/lean-specs/.lake/packages/importGraph/.lake/build/lib/lean:/Users/chaitanya/Documents/workers.io/alpenglow-proof/lean-specs/.lake/packages/LeanSearchClient/.lake/build/lib/lean:/Users/chaitanya/Documents/workers.io/alpenglow-proof/lean-specs/.lake/packages/plausible/.lake/build/lib/lean:/Users/chaitanya/Documents/workers.io/alpenglow-proof/lean-specs/.lake/packages/mathlib/.lake/build/lib/lean:/Users/chaitanya/Documents/workers.io/alpenglow-proof/lean-specs/.lake/packages/MD4Lean/.lake/build/lib/lean:/Users/chaitanya/Documents/workers.io/alpenglow-proof/lean-specs/.lake/packages/BibtexQuery/.lake/build/lib/lean:/Users/chaitanya/Documents/workers.io/alpenglow-proof/lean-specs/.lake/packages/UnicodeBasic/.lake/build/lib/lean:/Users/chaitanya/Documents/workers.io/alpenglow-proof/lean-specs/.lake/packages/Cli/.lake/build/lib/lean:/Users/chaitanya/Documents/workers.io/alpenglow-proof/lean-specs/.lake/build/lib/lean:/Users/chaitanya/Documents/workers.io/alpenglow-proof/lean-specs/.lake/packages/doc-gen4/.lake/build/lib/lean:/Users/chaitanya/Documents/workers.io/alpenglow-proof/lean-specs/docbuild/.lake/build/lib/lean:/Users/chaitanya/.elan/toolchains/leanprover--lean4---v4.24.0/lib/lean LEAN_SRC_PATH=/Users/chaitanya/Documents/workers.io/alpenglow-proof/lean-specs/.lake/packages/batteries:/Users/chaitanya/Documents/workers.io/alpenglow-proof/lean-specs/.lake/packages/batteries:/Users/chaitanya/Documents/workers.io/alpenglow-proof/lean-specs/.lake/packages/Qq:/Users/chaitanya/Documents/workers.io/alpenglow-proof/lean-specs/.lake/packages/Qq:/Users/chaitanya/Documents/workers.io/alpenglow-proof/lean-specs/.lake/packages/aesop:/Users/chaitanya/Documents/workers.io/alpenglow-proof/lean-specs/.lake/packages/aesop:/Users/chaitanya/Documents/workers.io/alpenglow-proof/lean-specs/.lake/packages/proofwidgets:/Users/chaitanya/Documents/workers.io/alpenglow-proof/lean-specs/.lake/packages/proofwidgets:/Users/chaitanya/Documents/workers.io/alpenglow-proof/lean-specs/.lake/packages/importGraph:/Users/chaitanya/Documents/workers.io/alpenglow-proof/lean-specs/.lake/packages/importGraph:/Users/chaitanya/Documents/workers.io/alpenglow-proof/lean-specs/.lake/packages/LeanSearchClient:/Users/chaitanya/Documents/workers.io/alpenglow-proof/lean-specs/.lake/packages/LeanSearchClient:/Users/chaitanya/Documents/workers.io/alpenglow-proof/lean-specs/.lake/packages/plausible:/Users/chaitanya/Documents/workers.io/alpenglow-proof/lean-specs/.lake/packages/plausible:/Users/chaitanya/Documents/workers.io/alpenglow-proof/lean-specs/.lake/packages/mathlib:/Users/chaitanya/Documents/workers.io/alpenglow-proof/lean-specs/.lake/packages/mathlib:/Users/chaitanya/Documents/workers.io/alpenglow-proof/lean-specs/.lake/packages/mathlib:/Users/chaitanya/Documents/workers.io/alpenglow-proof/lean-specs/.lake/packages/mathlib:/Users/chaitanya/Documents/workers.io/alpenglow-proof/lean-specs/.lake/packages/mathlib:/Users/chaitanya/Documents/workers.io/alpenglow-proof/lean-specs/.lake/packages/mathlib:/Users/chaitanya/Documents/workers.io/alpenglow-proof/lean-specs/.lake/packages/mathlib:/Users/chaitanya/Documents/workers.io/alpenglow-proof/lean-specs/.lake/packages/MD4Lean:/Users/chaitanya/Documents/workers.io/alpenglow-proof/lean-specs/.lake/packages/MD4Lean:/Users/chaitanya/Documents/workers.io/alpenglow-proof/lean-specs/.lake/packages/BibtexQuery:/Users/chaitanya/Documents/workers.io/alpenglow-proof/lean-specs/.lake/packages/UnicodeBasic:/Users/chaitanya/Documents/workers.io/alpenglow-proof/lean-specs/.lake/packages/UnicodeBasic:/Users/chaitanya/Documents/workers.io/alpenglow-proof/lean-specs/.lake/packages/Cli:/Users/chaitanya/Documents/workers.io/alpenglow-proof/lean-specs/.lake/packages/Cli:/Users/chaitanya/Documents/workers.io/alpenglow-proof/lean-specs:/Users/chaitanya/Documents/workers.io/alpenglow-proof/lean-specs:/Users/chaitanya/Documents/workers.io/alpenglow-proof/lean-specs:/Users/chaitanya/Documents/workers.io/alpenglow-proof/lean-specs:/Users/chaitanya/Documents/workers.io/alpenglow-proof/lean-specs:/Users/chaitanya/Documents/workers.io/alpenglow-proof/lean-specs:/Users/chaitanya/Documents/workers.io/alpenglow-proof/lean-specs:/Users/chaitanya/Documents/workers.io/alpenglow-proof/lean-specs:/Users/chaitanya/Documents/workers.io/alpenglow-proof/lean-specs:/Users/chaitanya/Documents/workers.io/alpenglow-proof/lean-specs:/Users/chaitanya/Documents/workers.io/alpenglow-proof/lean-specs:/Users/chaitanya/Documents/workers.io/alpenglow-proof/lean-specs:/Users/chaitanya/Documents/workers.io/alpenglow-proof/lean-specs:/Users/chaitanya/Documents/workers.io/alpenglow-proof/lean-specs:/Users/chaitanya/Documents/workers.io/alpenglow-proof/lean-specs:/Users/chaitanya/Documents/workers.io/alpenglow-proof/lean-specs:/Users/chaitanya/Documents/workers.io/alpenglow-proof/lean-specs:/Users/chaitanya/Documents/workers.io/alpenglow-proof/lean-specs:/Users/chaitanya/Documents/workers.io/alpenglow-proof/lean-specs:/Users/chaitanya/Documents/workers.io/alpenglow-proof/lean-specs:/Users/chaitanya/Documents/workers.io/alpenglow-proof/lean-specs:/Users/chaitanya/Documents/workers.io/alpenglow-proof/lean-specs:/Users/chaitanya/Documents/workers.io/alpenglow-proof/lean-specs:/Users/chaitanya/Documents/workers.io/alpenglow-proof/lean-specs:/Users/chaitanya/Documents/workers.io/alpenglow-proof/lean-specs:/Users/chaitanya/Documents/workers.io/alpenglow-proof/lean-specs:/Users/chaitanya/Documents/workers.io/alpenglow-proof/lean-specs:/Users/chaitanya/Documents/workers.io/alpenglow-proof/lean-specs:/Users/chaitanya/Documents/workers.io/alpenglow-proof/lean-specs:/Users/chaitanya/Documents/workers.io/alpenglow-proof/lean-specs:/Users/chaitanya/Documents/workers.io/alpenglow-proof/lean-specs:/Users/chaitanya/Documents/workers.io/alpenglow-proof/lean-specs:/Users/chaitanya/Documents/workers.io/alpenglow-proof/lean-specs/.lake/packages/doc-gen4:/Users/chaitanya/.elan/toolchains/leanprover--lean4---v4.24.0/src/lean/lake LEAN_GITHASH=797c613eb9b6d4ec95db23e3e00af9ac6657f24b PATH DYLD_LIBRARY_PATH=/Users/chaitanya/.elan/toolchains/leanprover--lean4---v4.24.0/lib/lean:/Users/chaitanya/.elan/toolchains/leanprover--lean4---v4.24.0/lib:/Users/chaitanya/Documents/workers.io/alpenglow-proof/lean-specs/docbuild/.lake/build/lib:/Users/chaitanya/Documents/workers.io/alpenglow-proof/lean-specs/.lake/packages/doc-gen4/.lake/build/lib:/Users/chaitanya/Documents/workers.io/alpenglow-proof/lean-specs/.lake/build/lib:/Users/chaitanya/Documents/workers.io/alpenglow-proof/lean-specs/.lake/packages/Cli/.lake/build/lib:/Users/chaitanya/Documents/workers.io/alpenglow-proof/lean-specs/.lake/packages/UnicodeBasic/.lake/build/lib:/Users/chaitanya/Documents/workers.io/alpenglow-proof/lean-specs/.lake/packages/BibtexQuery/.lake/build/lib:/Users/chaitanya/Documents/workers.io/alpenglow-proof/lean-specs/.lake/packages/MD4Lean/.lake/build/lib:/Users/chaitanya/Documents/workers.io/alpenglow-proof/lean-specs/.lake/packages/mathlib/.lake/build/lib:/Users/chaitanya/Documents/workers.io/alpenglow-proof/lean-specs/.lake/packages/plausible/.lake/build/lib:/Users/chaitanya/Documents/workers.io/alpenglow-proof/lean-specs/.lake/packages/LeanSearchClient/.lake/build/lib:/Users/chaitanya/Documents/workers.io/alpenglow-proof/lean-specs/.lake/packages/importGraph/.lake/build/lib:/Users/chaitanya/Documents/workers.io/alpenglow-proof/lean-specs/.lake/packages/proofwidgets/.lake/build/lib:/Users/chaitanya/Documents/workers.io/alpenglow-proof/lean-specs/.lake/packages/aesop/.lake/build/lib:/Users/chaitanya/Documents/workers.io/alpenglow-proof/lean-specs/.lake/packages/Qq/.lake/build/lib:/Users/chaitanya/Documents/workers.io/alpenglow-proof/lean-specs/.lake/packages/batteries/.lake/build/lib /Users/chaitanya/Documents/workers.io/alpenglow-proof/lean-specs/.lake/packages/doc-gen4/.lake/build/bin/doc-gen4 single --build /Users/chaitanya/Documents/workers.io/alpenglow-proof/lean-specs/docbuild/.lake/build Mathlib.Tactic https://github.com/leanprover-community/mathlib4/blob/6b1d0f08cb89b784bfb1bb9cabf8016cc8059f07/Mathlib/Tactic.lean",
   "level": "trace"}],
 "inputs":
 [["<collection>",
   [["/Users/chaitanya/Documents/workers.io/alpenglow-proof/lean-specs/docbuild/.lake/build/doc/Mathlib/Tactic/Abel.html",
     "8437434361107253000"],
    ["/Users/chaitanya/Documents/workers.io/alpenglow-proof/lean-specs/docbuild/.lake/build/doc/Mathlib/Tactic/AdaptationNote.html",
     "6811597219299977977"],
    ["/Users/chaitanya/Documents/workers.io/alpenglow-proof/lean-specs/docbuild/.lake/build/doc/Mathlib/Tactic/Algebraize.html",
     "17503496322441159460"],
    ["/Users/chaitanya/Documents/workers.io/alpenglow-proof/lean-specs/docbuild/.lake/build/doc/Mathlib/Tactic/ApplyAt.html",
     "16411684772617375413"],
    ["/Users/chaitanya/Documents/workers.io/alpenglow-proof/lean-specs/docbuild/.lake/build/doc/Mathlib/Tactic/ApplyCongr.html",
     "45611413764353204"],
    ["/Users/chaitanya/Documents/workers.io/alpenglow-proof/lean-specs/docbuild/.lake/build/doc/Mathlib/Tactic/ApplyFun.html",
     "12875545514140083954"],
    ["/Users/chaitanya/Documents/workers.io/alpenglow-proof/lean-specs/docbuild/.lake/build/doc/Mathlib/Tactic/ApplyWith.html",
     "10510747100395342933"],
    ["/Users/chaitanya/Documents/workers.io/alpenglow-proof/lean-specs/docbuild/.lake/build/doc/Mathlib/Tactic/ArithMult.html",
     "15446576086382350073"],
    ["/Users/chaitanya/Documents/workers.io/alpenglow-proof/lean-specs/docbuild/.lake/build/doc/Mathlib/Tactic/ArithMult/Init.html",
     "9518283038772052915"],
    ["/Users/chaitanya/Documents/workers.io/alpenglow-proof/lean-specs/docbuild/.lake/build/doc/Mathlib/Tactic/Attr/Core.html",
     "12329853457659680663"],
    ["/Users/chaitanya/Documents/workers.io/alpenglow-proof/lean-specs/docbuild/.lake/build/doc/Mathlib/Tactic/Attr/Register.html",
     "7227003466770300352"],
    ["/Users/chaitanya/Documents/workers.io/alpenglow-proof/lean-specs/docbuild/.lake/build/doc/Mathlib/Tactic/Basic.html",
     "13001038041770657320"],
    ["/Users/chaitanya/Documents/workers.io/alpenglow-proof/lean-specs/docbuild/.lake/build/doc/Mathlib/Tactic/Bound.html",
     "2084898169228458573"],
    ["/Users/chaitanya/Documents/workers.io/alpenglow-proof/lean-specs/docbuild/.lake/build/doc/Mathlib/Tactic/Bound/Attribute.html",
     "12346096280898911408"],
    ["/Users/chaitanya/Documents/workers.io/alpenglow-proof/lean-specs/docbuild/.lake/build/doc/Mathlib/Tactic/Bound/Init.html",
     "4733690325954616532"],
    ["/Users/chaitanya/Documents/workers.io/alpenglow-proof/lean-specs/docbuild/.lake/build/doc/Mathlib/Tactic/ByContra.html",
     "3385673392916724731"],
    ["/Users/chaitanya/Documents/workers.io/alpenglow-proof/lean-specs/docbuild/.lake/build/doc/Mathlib/Tactic/CC.html",
     "12219271261012995744"],
    ["/Users/chaitanya/Documents/workers.io/alpenglow-proof/lean-specs/docbuild/.lake/build/doc/Mathlib/Tactic/CC/Addition.html",
     "3104390408694529847"],
    ["/Users/chaitanya/Documents/workers.io/alpenglow-proof/lean-specs/docbuild/.lake/build/doc/Mathlib/Tactic/CC/Datatypes.html",
     "5463217214510882006"],
    ["/Users/chaitanya/Documents/workers.io/alpenglow-proof/lean-specs/docbuild/.lake/build/doc/Mathlib/Tactic/CC/Lemmas.html",
     "2867601573500265084"],
    ["/Users/chaitanya/Documents/workers.io/alpenglow-proof/lean-specs/docbuild/.lake/build/doc/Mathlib/Tactic/CC/MkProof.html",
     "17517812994859272227"],
    ["/Users/chaitanya/Documents/workers.io/alpenglow-proof/lean-specs/docbuild/.lake/build/doc/Mathlib/Tactic/CancelDenoms.html",
     "2191884524775872611"],
    ["/Users/chaitanya/Documents/workers.io/alpenglow-proof/lean-specs/docbuild/.lake/build/doc/Mathlib/Tactic/CancelDenoms/Core.html",
     "11302100291664070737"],
    ["/Users/chaitanya/Documents/workers.io/alpenglow-proof/lean-specs/docbuild/.lake/build/doc/Mathlib/Tactic/Cases.html",
     "3420926409436757467"],
    ["/Users/chaitanya/Documents/workers.io/alpenglow-proof/lean-specs/docbuild/.lake/build/doc/Mathlib/Tactic/CasesM.html",
     "16081992754121524602"],
    ["/Users/chaitanya/Documents/workers.io/alpenglow-proof/lean-specs/docbuild/.lake/build/doc/Mathlib/Tactic/CategoryTheory/BicategoricalComp.html",
     "6115157601149057474"],
    ["/Users/chaitanya/Documents/workers.io/alpenglow-proof/lean-specs/docbuild/.lake/build/doc/Mathlib/Tactic/CategoryTheory/Bicategory/Basic.html",
     "14935207191707276714"],
    ["/Users/chaitanya/Documents/workers.io/alpenglow-proof/lean-specs/docbuild/.lake/build/doc/Mathlib/Tactic/CategoryTheory/Bicategory/Datatypes.html",
     "14354001477843560109"],
    ["/Users/chaitanya/Documents/workers.io/alpenglow-proof/lean-specs/docbuild/.lake/build/doc/Mathlib/Tactic/CategoryTheory/Bicategory/Normalize.html",
     "17022609152944468240"],
    ["/Users/chaitanya/Documents/workers.io/alpenglow-proof/lean-specs/docbuild/.lake/build/doc/Mathlib/Tactic/CategoryTheory/Bicategory/PureCoherence.html",
     "11470192109423251217"],
    ["/Users/chaitanya/Documents/workers.io/alpenglow-proof/lean-specs/docbuild/.lake/build/doc/Mathlib/Tactic/CategoryTheory/BicategoryCoherence.html",
     "3556623624474532100"],
    ["/Users/chaitanya/Documents/workers.io/alpenglow-proof/lean-specs/docbuild/.lake/build/doc/Mathlib/Tactic/CategoryTheory/CheckCompositions.html",
     "12955011267905092973"],
    ["/Users/chaitanya/Documents/workers.io/alpenglow-proof/lean-specs/docbuild/.lake/build/doc/Mathlib/Tactic/CategoryTheory/Coherence.html",
     "15700107601502637038"],
    ["/Users/chaitanya/Documents/workers.io/alpenglow-proof/lean-specs/docbuild/.lake/build/doc/Mathlib/Tactic/CategoryTheory/Coherence/Basic.html",
     "11094281599179387894"],
    ["/Users/chaitanya/Documents/workers.io/alpenglow-proof/lean-specs/docbuild/.lake/build/doc/Mathlib/Tactic/CategoryTheory/Coherence/Datatypes.html",
     "17398280307983824320"],
    ["/Users/chaitanya/Documents/workers.io/alpenglow-proof/lean-specs/docbuild/.lake/build/doc/Mathlib/Tactic/CategoryTheory/Coherence/Normalize.html",
     "11763671259981061315"],
    ["/Users/chaitanya/Documents/workers.io/alpenglow-proof/lean-specs/docbuild/.lake/build/doc/Mathlib/Tactic/CategoryTheory/Coherence/PureCoherence.html",
     "12446401886113071603"],
    ["/Users/chaitanya/Documents/workers.io/alpenglow-proof/lean-specs/docbuild/.lake/build/doc/Mathlib/Tactic/CategoryTheory/Elementwise.html",
     "1039866773516255777"],
    ["/Users/chaitanya/Documents/workers.io/alpenglow-proof/lean-specs/docbuild/.lake/build/doc/Mathlib/Tactic/CategoryTheory/IsoReassoc.html",
     "3782635857012940068"],
    ["/Users/chaitanya/Documents/workers.io/alpenglow-proof/lean-specs/docbuild/.lake/build/doc/Mathlib/Tactic/CategoryTheory/Monoidal/Basic.html",
     "7468710814835284544"],
    ["/Users/chaitanya/Documents/workers.io/alpenglow-proof/lean-specs/docbuild/.lake/build/doc/Mathlib/Tactic/CategoryTheory/Monoidal/Datatypes.html",
     "13664054686626896935"],
    ["/Users/chaitanya/Documents/workers.io/alpenglow-proof/lean-specs/docbuild/.lake/build/doc/Mathlib/Tactic/CategoryTheory/Monoidal/Normalize.html",
     "9413660439681368745"],
    ["/Users/chaitanya/Documents/workers.io/alpenglow-proof/lean-specs/docbuild/.lake/build/doc/Mathlib/Tactic/CategoryTheory/Monoidal/PureCoherence.html",
     "17666677109293225514"],
    ["/Users/chaitanya/Documents/workers.io/alpenglow-proof/lean-specs/docbuild/.lake/build/doc/Mathlib/Tactic/CategoryTheory/MonoidalComp.html",
     "15561745585460510075"],
    ["/Users/chaitanya/Documents/workers.io/alpenglow-proof/lean-specs/docbuild/.lake/build/doc/Mathlib/Tactic/CategoryTheory/Reassoc.html",
     "9439102934429638365"],
    ["/Users/chaitanya/Documents/workers.io/alpenglow-proof/lean-specs/docbuild/.lake/build/doc/Mathlib/Tactic/CategoryTheory/Slice.html",
     "14052774423342280375"],
    ["/Users/chaitanya/Documents/workers.io/alpenglow-proof/lean-specs/docbuild/.lake/build/doc/Mathlib/Tactic/CategoryTheory/ToApp.html",
     "9266228233731826706"],
    ["/Users/chaitanya/Documents/workers.io/alpenglow-proof/lean-specs/docbuild/.lake/build/doc/Mathlib/Tactic/Change.html",
     "6462723743455647125"],
    ["/Users/chaitanya/Documents/workers.io/alpenglow-proof/lean-specs/docbuild/.lake/build/doc/Mathlib/Tactic/Check.html",
     "9877638379297191724"],
    ["/Users/chaitanya/Documents/workers.io/alpenglow-proof/lean-specs/docbuild/.lake/build/doc/Mathlib/Tactic/Choose.html",
     "17429242183871146445"],
    ["/Users/chaitanya/Documents/workers.io/alpenglow-proof/lean-specs/docbuild/.lake/build/doc/Mathlib/Tactic/Clean.html",
     "17772875064948573202"],
    ["/Users/chaitanya/Documents/workers.io/alpenglow-proof/lean-specs/docbuild/.lake/build/doc/Mathlib/Tactic/ClearExcept.html",
     "12017832791543990948"],
    ["/Users/chaitanya/Documents/workers.io/alpenglow-proof/lean-specs/docbuild/.lake/build/doc/Mathlib/Tactic/ClearExclamation.html",
     "9032913027062054202"],
    ["/Users/chaitanya/Documents/workers.io/alpenglow-proof/lean-specs/docbuild/.lake/build/doc/Mathlib/Tactic/Clear_.html",
     "16554586205144623900"],
    ["/Users/chaitanya/Documents/workers.io/alpenglow-proof/lean-specs/docbuild/.lake/build/doc/Mathlib/Tactic/Coe.html",
     "3110620167127200285"],
    ["/Users/chaitanya/Documents/workers.io/alpenglow-proof/lean-specs/docbuild/.lake/build/doc/Mathlib/Tactic/Common.html",
     "7840817421363598157"],
    ["/Users/chaitanya/Documents/workers.io/alpenglow-proof/lean-specs/docbuild/.lake/build/doc/Mathlib/Tactic/ComputeDegree.html",
     "5862335857591271518"],
    ["/Users/chaitanya/Documents/workers.io/alpenglow-proof/lean-specs/docbuild/.lake/build/doc/Mathlib/Tactic/CongrExclamation.html",
     "1116157332338624352"],
    ["/Users/chaitanya/Documents/workers.io/alpenglow-proof/lean-specs/docbuild/.lake/build/doc/Mathlib/Tactic/CongrM.html",
     "12823646124239748341"],
    ["/Users/chaitanya/Documents/workers.io/alpenglow-proof/lean-specs/docbuild/.lake/build/doc/Mathlib/Tactic/Constructor.html",
     "14897235219767445129"],
    ["/Users/chaitanya/Documents/workers.io/alpenglow-proof/lean-specs/docbuild/.lake/build/doc/Mathlib/Tactic/Continuity.html",
     "15749099699455328178"],
    ["/Users/chaitanya/Documents/workers.io/alpenglow-proof/lean-specs/docbuild/.lake/build/doc/Mathlib/Tactic/Continuity/Init.html",
     "11558885837430475749"],
    ["/Users/chaitanya/Documents/workers.io/alpenglow-proof/lean-specs/docbuild/.lake/build/doc/Mathlib/Tactic/ContinuousFunctionalCalculus.html",
     "365922541199572939"],
    ["/Users/chaitanya/Documents/workers.io/alpenglow-proof/lean-specs/docbuild/.lake/build/doc/Mathlib/Tactic/Contrapose.html",
     "9782196593239446086"],
    ["/Users/chaitanya/Documents/workers.io/alpenglow-proof/lean-specs/docbuild/.lake/build/doc/Mathlib/Tactic/Conv.html",
     "16309623761234358639"],
    ["/Users/chaitanya/Documents/workers.io/alpenglow-proof/lean-specs/docbuild/.lake/build/doc/Mathlib/Tactic/Convert.html",
     "12244944335400032693"],
    ["/Users/chaitanya/Documents/workers.io/alpenglow-proof/lean-specs/docbuild/.lake/build/doc/Mathlib/Tactic/Core.html",
     "12771569682512098113"],
    ["/Users/chaitanya/Documents/workers.io/alpenglow-proof/lean-specs/docbuild/.lake/build/doc/Mathlib/Tactic/DeclarationNames.html",
     "10594313540870881445"],
    ["/Users/chaitanya/Documents/workers.io/alpenglow-proof/lean-specs/docbuild/.lake/build/doc/Mathlib/Tactic/DefEqTransformations.html",
     "6514429118764414266"],
    ["/Users/chaitanya/Documents/workers.io/alpenglow-proof/lean-specs/docbuild/.lake/build/doc/Mathlib/Tactic/DepRewrite.html",
     "13982363308486088106"],
    ["/Users/chaitanya/Documents/workers.io/alpenglow-proof/lean-specs/docbuild/.lake/build/doc/Mathlib/Tactic/DeprecateTo.html",
     "6090141392767338304"],
    ["/Users/chaitanya/Documents/workers.io/alpenglow-proof/lean-specs/docbuild/.lake/build/doc/Mathlib/Tactic/DeriveCountable.html",
     "11154108931895676360"],
    ["/Users/chaitanya/Documents/workers.io/alpenglow-proof/lean-specs/docbuild/.lake/build/doc/Mathlib/Tactic/DeriveEncodable.html",
     "4863173756922011529"],
    ["/Users/chaitanya/Documents/workers.io/alpenglow-proof/lean-specs/docbuild/.lake/build/doc/Mathlib/Tactic/DeriveFintype.html",
     "1755487317320300845"],
    ["/Users/chaitanya/Documents/workers.io/alpenglow-proof/lean-specs/docbuild/.lake/build/doc/Mathlib/Tactic/DeriveTraversable.html",
     "15124744386710485904"],
    ["/Users/chaitanya/Documents/workers.io/alpenglow-proof/lean-specs/docbuild/.lake/build/doc/Mathlib/Tactic/ENatToNat.html",
     "15087489617182163190"],
    ["/Users/chaitanya/Documents/workers.io/alpenglow-proof/lean-specs/docbuild/.lake/build/doc/Mathlib/Tactic/Eqns.html",
     "17626990487535542970"],
    ["/Users/chaitanya/Documents/workers.io/alpenglow-proof/lean-specs/docbuild/.lake/build/doc/Mathlib/Tactic/ErwQuestion.html",
     "3247015129233073899"],
    ["/Users/chaitanya/Documents/workers.io/alpenglow-proof/lean-specs/docbuild/.lake/build/doc/Mathlib/Tactic/Eval.html",
     "5879463926122115391"],
    ["/Users/chaitanya/Documents/workers.io/alpenglow-proof/lean-specs/docbuild/.lake/build/doc/Mathlib/Tactic/ExistsI.html",
     "8640561845755721334"],
    ["/Users/chaitanya/Documents/workers.io/alpenglow-proof/lean-specs/docbuild/.lake/build/doc/Mathlib/Tactic/Explode.html",
     "26389381234437205"],
    ["/Users/chaitanya/Documents/workers.io/alpenglow-proof/lean-specs/docbuild/.lake/build/doc/Mathlib/Tactic/Explode/Datatypes.html",
     "7478393522017396703"],
    ["/Users/chaitanya/Documents/workers.io/alpenglow-proof/lean-specs/docbuild/.lake/build/doc/Mathlib/Tactic/Explode/Pretty.html",
     "9189875916540564124"],
    ["/Users/chaitanya/Documents/workers.io/alpenglow-proof/lean-specs/docbuild/.lake/build/doc/Mathlib/Tactic/ExtendDoc.html",
     "16993103526851063124"],
    ["/Users/chaitanya/Documents/workers.io/alpenglow-proof/lean-specs/docbuild/.lake/build/doc/Mathlib/Tactic/ExtractGoal.html",
     "7484838008014770432"],
    ["/Users/chaitanya/Documents/workers.io/alpenglow-proof/lean-specs/docbuild/.lake/build/doc/Mathlib/Tactic/ExtractLets.html",
     "5494025378142819282"],
    ["/Users/chaitanya/Documents/workers.io/alpenglow-proof/lean-specs/docbuild/.lake/build/doc/Mathlib/Tactic/FBinop.html",
     "12767593086549432769"],
    ["/Users/chaitanya/Documents/workers.io/alpenglow-proof/lean-specs/docbuild/.lake/build/doc/Mathlib/Tactic/FailIfNoProgress.html",
     "9862710778648797435"],
    ["/Users/chaitanya/Documents/workers.io/alpenglow-proof/lean-specs/docbuild/.lake/build/doc/Mathlib/Tactic/FastInstance.html",
     "944100723231939387"],
    ["/Users/chaitanya/Documents/workers.io/alpenglow-proof/lean-specs/docbuild/.lake/build/doc/Mathlib/Tactic/Field.html",
     "12736009601199802591"],
    ["/Users/chaitanya/Documents/workers.io/alpenglow-proof/lean-specs/docbuild/.lake/build/doc/Mathlib/Tactic/FieldSimp.html",
     "8114703362090806507"],
    ["/Users/chaitanya/Documents/workers.io/alpenglow-proof/lean-specs/docbuild/.lake/build/doc/Mathlib/Tactic/FieldSimp/Attr.html",
     "1683179882423513687"],
    ["/Users/chaitanya/Documents/workers.io/alpenglow-proof/lean-specs/docbuild/.lake/build/doc/Mathlib/Tactic/FieldSimp/Discharger.html",
     "12943006750568890314"],
    ["/Users/chaitanya/Documents/workers.io/alpenglow-proof/lean-specs/docbuild/.lake/build/doc/Mathlib/Tactic/FieldSimp/Lemmas.html",
     "15354035828703466222"],
    ["/Users/chaitanya/Documents/workers.io/alpenglow-proof/lean-specs/docbuild/.lake/build/doc/Mathlib/Tactic/FinCases.html",
     "10585184858950680997"],
    ["/Users/chaitanya/Documents/workers.io/alpenglow-proof/lean-specs/docbuild/.lake/build/doc/Mathlib/Tactic/Find.html",
     "13387287218159383803"],
    ["/Users/chaitanya/Documents/workers.io/alpenglow-proof/lean-specs/docbuild/.lake/build/doc/Mathlib/Tactic/FindSyntax.html",
     "3158622842181906387"],
    ["/Users/chaitanya/Documents/workers.io/alpenglow-proof/lean-specs/docbuild/.lake/build/doc/Mathlib/Tactic/Finiteness.html",
     "8650999088702368106"],
    ["/Users/chaitanya/Documents/workers.io/alpenglow-proof/lean-specs/docbuild/.lake/build/doc/Mathlib/Tactic/Finiteness/Attr.html",
     "2874132186186254006"],
    ["/Users/chaitanya/Documents/workers.io/alpenglow-proof/lean-specs/docbuild/.lake/build/doc/Mathlib/Tactic/FunProp.html",
     "1348736721903637791"],
    ["/Users/chaitanya/Documents/workers.io/alpenglow-proof/lean-specs/docbuild/.lake/build/doc/Mathlib/Tactic/FunProp/Attr.html",
     "17820812907355671550"],
    ["/Users/chaitanya/Documents/workers.io/alpenglow-proof/lean-specs/docbuild/.lake/build/doc/Mathlib/Tactic/FunProp/ContDiff.html",
     "3839812018262434702"],
    ["/Users/chaitanya/Documents/workers.io/alpenglow-proof/lean-specs/docbuild/.lake/build/doc/Mathlib/Tactic/FunProp/Core.html",
     "1747118883793389924"],
    ["/Users/chaitanya/Documents/workers.io/alpenglow-proof/lean-specs/docbuild/.lake/build/doc/Mathlib/Tactic/FunProp/Decl.html",
     "14807697254564954861"],
    ["/Users/chaitanya/Documents/workers.io/alpenglow-proof/lean-specs/docbuild/.lake/build/doc/Mathlib/Tactic/FunProp/Differentiable.html",
     "10577893144209613224"],
    ["/Users/chaitanya/Documents/workers.io/alpenglow-proof/lean-specs/docbuild/.lake/build/doc/Mathlib/Tactic/FunProp/Elab.html",
     "11068753213070330003"],
    ["/Users/chaitanya/Documents/workers.io/alpenglow-proof/lean-specs/docbuild/.lake/build/doc/Mathlib/Tactic/FunProp/FunctionData.html",
     "15584100080868594532"],
    ["/Users/chaitanya/Documents/workers.io/alpenglow-proof/lean-specs/docbuild/.lake/build/doc/Mathlib/Tactic/FunProp/Mor.html",
     "8040771000024080911"],
    ["/Users/chaitanya/Documents/workers.io/alpenglow-proof/lean-specs/docbuild/.lake/build/doc/Mathlib/Tactic/FunProp/Theorems.html",
     "12470086384174463715"],
    ["/Users/chaitanya/Documents/workers.io/alpenglow-proof/lean-specs/docbuild/.lake/build/doc/Mathlib/Tactic/FunProp/ToBatteries.html",
     "16851878755907467510"],
    ["/Users/chaitanya/Documents/workers.io/alpenglow-proof/lean-specs/docbuild/.lake/build/doc/Mathlib/Tactic/FunProp/Types.html",
     "15788474226998057968"],
    ["/Users/chaitanya/Documents/workers.io/alpenglow-proof/lean-specs/docbuild/.lake/build/doc/Mathlib/Tactic/GCongr.html",
     "17532163189741901519"],
    ["/Users/chaitanya/Documents/workers.io/alpenglow-proof/lean-specs/docbuild/.lake/build/doc/Mathlib/Tactic/GCongr/Core.html",
     "10055139019349957156"],
    ["/Users/chaitanya/Documents/workers.io/alpenglow-proof/lean-specs/docbuild/.lake/build/doc/Mathlib/Tactic/GCongr/CoreAttrs.html",
     "11120650880395624579"],
    ["/Users/chaitanya/Documents/workers.io/alpenglow-proof/lean-specs/docbuild/.lake/build/doc/Mathlib/Tactic/GCongr/ForwardAttr.html",
     "11100585892446479431"],
    ["/Users/chaitanya/Documents/workers.io/alpenglow-proof/lean-specs/docbuild/.lake/build/doc/Mathlib/Tactic/GRewrite.html",
     "11575960395117251613"],
    ["/Users/chaitanya/Documents/workers.io/alpenglow-proof/lean-specs/docbuild/.lake/build/doc/Mathlib/Tactic/GRewrite/Core.html",
     "1204875296070211418"],
    ["/Users/chaitanya/Documents/workers.io/alpenglow-proof/lean-specs/docbuild/.lake/build/doc/Mathlib/Tactic/GRewrite/Elab.html",
     "17121321809263362703"],
    ["/Users/chaitanya/Documents/workers.io/alpenglow-proof/lean-specs/docbuild/.lake/build/doc/Mathlib/Tactic/Generalize.html",
     "6398726061180472536"],
    ["/Users/chaitanya/Documents/workers.io/alpenglow-proof/lean-specs/docbuild/.lake/build/doc/Mathlib/Tactic/GeneralizeProofs.html",
     "2841566087373356576"],
    ["/Users/chaitanya/Documents/workers.io/alpenglow-proof/lean-specs/docbuild/.lake/build/doc/Mathlib/Tactic/Group.html",
     "17570064308774855111"],
    ["/Users/chaitanya/Documents/workers.io/alpenglow-proof/lean-specs/docbuild/.lake/build/doc/Mathlib/Tactic/GuardGoalNums.html",
     "9350623582080167613"],
    ["/Users/chaitanya/Documents/workers.io/alpenglow-proof/lean-specs/docbuild/.lake/build/doc/Mathlib/Tactic/GuardHypNums.html",
     "1738165570695114258"],
    ["/Users/chaitanya/Documents/workers.io/alpenglow-proof/lean-specs/docbuild/.lake/build/doc/Mathlib/Tactic/Have.html",
     "9761611462676701891"],
    ["/Users/chaitanya/Documents/workers.io/alpenglow-proof/lean-specs/docbuild/.lake/build/doc/Mathlib/Tactic/HaveI.html",
     "3398235494325898787"],
    ["/Users/chaitanya/Documents/workers.io/alpenglow-proof/lean-specs/docbuild/.lake/build/doc/Mathlib/Tactic/HigherOrder.html",
     "15312786473169298094"],
    ["/Users/chaitanya/Documents/workers.io/alpenglow-proof/lean-specs/docbuild/.lake/build/doc/Mathlib/Tactic/Hint.html",
     "13416452317722965914"],
    ["/Users/chaitanya/Documents/workers.io/alpenglow-proof/lean-specs/docbuild/.lake/build/doc/Mathlib/Tactic/ITauto.html",
     "7044586709077129732"],
    ["/Users/chaitanya/Documents/workers.io/alpenglow-proof/lean-specs/docbuild/.lake/build/doc/Mathlib/Tactic/InferParam.html",
     "17563314178487348645"],
    ["/Users/chaitanya/Documents/workers.io/alpenglow-proof/lean-specs/docbuild/.lake/build/doc/Mathlib/Tactic/Inhabit.html",
     "5513273811146304645"],
    ["/Users/chaitanya/Documents/workers.io/alpenglow-proof/lean-specs/docbuild/.lake/build/doc/Mathlib/Tactic/IntervalCases.html",
     "13740734816153890379"],
    ["/Users/chaitanya/Documents/workers.io/alpenglow-proof/lean-specs/docbuild/.lake/build/doc/Mathlib/Tactic/IrreducibleDef.html",
     "8545308221983466081"],
    ["/Users/chaitanya/Documents/workers.io/alpenglow-proof/lean-specs/docbuild/.lake/build/doc/Mathlib/Tactic/Lemma.html",
     "3670187348355160739"],
    ["/Users/chaitanya/Documents/workers.io/alpenglow-proof/lean-specs/docbuild/.lake/build/doc/Mathlib/Tactic/Lift.html",
     "1140103164244410136"],
    ["/Users/chaitanya/Documents/workers.io/alpenglow-proof/lean-specs/docbuild/.lake/build/doc/Mathlib/Tactic/LiftLets.html",
     "3116253100649840582"],
    ["/Users/chaitanya/Documents/workers.io/alpenglow-proof/lean-specs/docbuild/.lake/build/doc/Mathlib/Tactic/Linarith.html",
     "7997679817846430374"],
    ["/Users/chaitanya/Documents/workers.io/alpenglow-proof/lean-specs/docbuild/.lake/build/doc/Mathlib/Tactic/Linarith/Datatypes.html",
     "5676933864348140000"],
    ["/Users/chaitanya/Documents/workers.io/alpenglow-proof/lean-specs/docbuild/.lake/build/doc/Mathlib/Tactic/Linarith/Frontend.html",
     "13679949520635241921"],
    ["/Users/chaitanya/Documents/workers.io/alpenglow-proof/lean-specs/docbuild/.lake/build/doc/Mathlib/Tactic/Linarith/Lemmas.html",
     "14811132829765715590"],
    ["/Users/chaitanya/Documents/workers.io/alpenglow-proof/lean-specs/docbuild/.lake/build/doc/Mathlib/Tactic/Linarith/Oracle/FourierMotzkin.html",
     "5850080498237860452"],
    ["/Users/chaitanya/Documents/workers.io/alpenglow-proof/lean-specs/docbuild/.lake/build/doc/Mathlib/Tactic/Linarith/Oracle/SimplexAlgorithm.html",
     "17618563518423012156"],
    ["/Users/chaitanya/Documents/workers.io/alpenglow-proof/lean-specs/docbuild/.lake/build/doc/Mathlib/Tactic/Linarith/Oracle/SimplexAlgorithm/Datatypes.html",
     "1468734857256397872"],
    ["/Users/chaitanya/Documents/workers.io/alpenglow-proof/lean-specs/docbuild/.lake/build/doc/Mathlib/Tactic/Linarith/Oracle/SimplexAlgorithm/Gauss.html",
     "2755528780834127492"],
    ["/Users/chaitanya/Documents/workers.io/alpenglow-proof/lean-specs/docbuild/.lake/build/doc/Mathlib/Tactic/Linarith/Oracle/SimplexAlgorithm/PositiveVector.html",
     "17351166895413536449"],
    ["/Users/chaitanya/Documents/workers.io/alpenglow-proof/lean-specs/docbuild/.lake/build/doc/Mathlib/Tactic/Linarith/Oracle/SimplexAlgorithm/SimplexAlgorithm.html",
     "4052853520111960307"],
    ["/Users/chaitanya/Documents/workers.io/alpenglow-proof/lean-specs/docbuild/.lake/build/doc/Mathlib/Tactic/Linarith/Parsing.html",
     "10034753158614403385"],
    ["/Users/chaitanya/Documents/workers.io/alpenglow-proof/lean-specs/docbuild/.lake/build/doc/Mathlib/Tactic/Linarith/Preprocessing.html",
     "8492157856013595540"],
    ["/Users/chaitanya/Documents/workers.io/alpenglow-proof/lean-specs/docbuild/.lake/build/doc/Mathlib/Tactic/Linarith/Verification.html",
     "15996622538798224625"],
    ["/Users/chaitanya/Documents/workers.io/alpenglow-proof/lean-specs/docbuild/.lake/build/doc/Mathlib/Tactic/LinearCombination.html",
     "9025334283969757430"],
    ["/Users/chaitanya/Documents/workers.io/alpenglow-proof/lean-specs/docbuild/.lake/build/doc/Mathlib/Tactic/LinearCombination'.html",
     "17864785450771313072"],
    ["/Users/chaitanya/Documents/workers.io/alpenglow-proof/lean-specs/docbuild/.lake/build/doc/Mathlib/Tactic/LinearCombination/Lemmas.html",
     "6768036893566003792"],
    ["/Users/chaitanya/Documents/workers.io/alpenglow-proof/lean-specs/docbuild/.lake/build/doc/Mathlib/Tactic/Linter.html",
     "17884167168217890790"],
    ["/Users/chaitanya/Documents/workers.io/alpenglow-proof/lean-specs/docbuild/.lake/build/doc/Mathlib/Tactic/Linter/CommandStart.html",
     "4499615917960766331"],
    ["/Users/chaitanya/Documents/workers.io/alpenglow-proof/lean-specs/docbuild/.lake/build/doc/Mathlib/Tactic/Linter/DeprecatedModule.html",
     "5327877819116492811"],
    ["/Users/chaitanya/Documents/workers.io/alpenglow-proof/lean-specs/docbuild/.lake/build/doc/Mathlib/Tactic/Linter/DeprecatedSyntaxLinter.html",
     "1174690653985817183"],
    ["/Users/chaitanya/Documents/workers.io/alpenglow-proof/lean-specs/docbuild/.lake/build/doc/Mathlib/Tactic/Linter/DirectoryDependency.html",
     "4748786839116890173"],
    ["/Users/chaitanya/Documents/workers.io/alpenglow-proof/lean-specs/docbuild/.lake/build/doc/Mathlib/Tactic/Linter/DocPrime.html",
     "17213211344056582909"],
    ["/Users/chaitanya/Documents/workers.io/alpenglow-proof/lean-specs/docbuild/.lake/build/doc/Mathlib/Tactic/Linter/DocString.html",
     "1539795436101924291"],
    ["/Users/chaitanya/Documents/workers.io/alpenglow-proof/lean-specs/docbuild/.lake/build/doc/Mathlib/Tactic/Linter/FlexibleLinter.html",
     "3941246411742299716"],
    ["/Users/chaitanya/Documents/workers.io/alpenglow-proof/lean-specs/docbuild/.lake/build/doc/Mathlib/Tactic/Linter/GlobalAttributeIn.html",
     "2988164124330514914"],
    ["/Users/chaitanya/Documents/workers.io/alpenglow-proof/lean-specs/docbuild/.lake/build/doc/Mathlib/Tactic/Linter/HashCommandLinter.html",
     "16068407957543935107"],
    ["/Users/chaitanya/Documents/workers.io/alpenglow-proof/lean-specs/docbuild/.lake/build/doc/Mathlib/Tactic/Linter/HaveLetLinter.html",
     "12891149250132943891"],
    ["/Users/chaitanya/Documents/workers.io/alpenglow-proof/lean-specs/docbuild/.lake/build/doc/Mathlib/Tactic/Linter/Header.html",
     "6881675107074560753"],
    ["/Users/chaitanya/Documents/workers.io/alpenglow-proof/lean-specs/docbuild/.lake/build/doc/Mathlib/Tactic/Linter/Lint.html",
     "16733429743487202854"],
    ["/Users/chaitanya/Documents/workers.io/alpenglow-proof/lean-specs/docbuild/.lake/build/doc/Mathlib/Tactic/Linter/MinImports.html",
     "2704210415788491516"],
    ["/Users/chaitanya/Documents/workers.io/alpenglow-proof/lean-specs/docbuild/.lake/build/doc/Mathlib/Tactic/Linter/Multigoal.html",
     "15519166791681388953"],
    ["/Users/chaitanya/Documents/workers.io/alpenglow-proof/lean-specs/docbuild/.lake/build/doc/Mathlib/Tactic/Linter/OldObtain.html",
     "14701183225733680958"],
    ["/Users/chaitanya/Documents/workers.io/alpenglow-proof/lean-specs/docbuild/.lake/build/doc/Mathlib/Tactic/Linter/PPRoundtrip.html",
     "13416758783354415237"],
    ["/Users/chaitanya/Documents/workers.io/alpenglow-proof/lean-specs/docbuild/.lake/build/doc/Mathlib/Tactic/Linter/Style.html",
     "1607290708724357023"],
    ["/Users/chaitanya/Documents/workers.io/alpenglow-proof/lean-specs/docbuild/.lake/build/doc/Mathlib/Tactic/Linter/TextBased.html",
     "1686065555975647225"],
    ["/Users/chaitanya/Documents/workers.io/alpenglow-proof/lean-specs/docbuild/.lake/build/doc/Mathlib/Tactic/Linter/UnusedTactic.html",
     "2394962049247139332"],
    ["/Users/chaitanya/Documents/workers.io/alpenglow-proof/lean-specs/docbuild/.lake/build/doc/Mathlib/Tactic/Linter/UnusedTacticExtension.html",
     "390002103933350630"],
    ["/Users/chaitanya/Documents/workers.io/alpenglow-proof/lean-specs/docbuild/.lake/build/doc/Mathlib/Tactic/Linter/UpstreamableDecl.html",
     "15522312466915277726"],
    ["/Users/chaitanya/Documents/workers.io/alpenglow-proof/lean-specs/docbuild/.lake/build/doc/Mathlib/Tactic/Measurability.html",
     "16357091731286476687"],
    ["/Users/chaitanya/Documents/workers.io/alpenglow-proof/lean-specs/docbuild/.lake/build/doc/Mathlib/Tactic/Measurability/Init.html",
     "18363021831565958629"],
    ["/Users/chaitanya/Documents/workers.io/alpenglow-proof/lean-specs/docbuild/.lake/build/doc/Mathlib/Tactic/MinImports.html",
     "8786141897548788082"],
    ["/Users/chaitanya/Documents/workers.io/alpenglow-proof/lean-specs/docbuild/.lake/build/doc/Mathlib/Tactic/MkIffOfInductiveProp.html",
     "15600950120768077114"],
    ["/Users/chaitanya/Documents/workers.io/alpenglow-proof/lean-specs/docbuild/.lake/build/doc/Mathlib/Tactic/ModCases.html",
     "5074403664387460052"],
    ["/Users/chaitanya/Documents/workers.io/alpenglow-proof/lean-specs/docbuild/.lake/build/doc/Mathlib/Tactic/Module.html",
     "5424348998803759792"],
    ["/Users/chaitanya/Documents/workers.io/alpenglow-proof/lean-specs/docbuild/.lake/build/doc/Mathlib/Tactic/Monotonicity.html",
     "13070194684754447359"],
    ["/Users/chaitanya/Documents/workers.io/alpenglow-proof/lean-specs/docbuild/.lake/build/doc/Mathlib/Tactic/Monotonicity/Attr.html",
     "9296997730294024290"],
    ["/Users/chaitanya/Documents/workers.io/alpenglow-proof/lean-specs/docbuild/.lake/build/doc/Mathlib/Tactic/Monotonicity/Basic.html",
     "15547702071854318970"],
    ["/Users/chaitanya/Documents/workers.io/alpenglow-proof/lean-specs/docbuild/.lake/build/doc/Mathlib/Tactic/Monotonicity/Lemmas.html",
     "2302158600513573619"],
    ["/Users/chaitanya/Documents/workers.io/alpenglow-proof/lean-specs/docbuild/.lake/build/doc/Mathlib/Tactic/MoveAdd.html",
     "10897613094808776621"],
    ["/Users/chaitanya/Documents/workers.io/alpenglow-proof/lean-specs/docbuild/.lake/build/doc/Mathlib/Tactic/NoncommRing.html",
     "3544887367196148942"],
    ["/Users/chaitanya/Documents/workers.io/alpenglow-proof/lean-specs/docbuild/.lake/build/doc/Mathlib/Tactic/Nontriviality.html",
     "11438626605167545067"],
    ["/Users/chaitanya/Documents/workers.io/alpenglow-proof/lean-specs/docbuild/.lake/build/doc/Mathlib/Tactic/Nontriviality/Core.html",
     "9978279826512223380"],
    ["/Users/chaitanya/Documents/workers.io/alpenglow-proof/lean-specs/docbuild/.lake/build/doc/Mathlib/Tactic/NormNum.html",
     "7638339450644845274"],
    ["/Users/chaitanya/Documents/workers.io/alpenglow-proof/lean-specs/docbuild/.lake/build/doc/Mathlib/Tactic/NormNum/Abs.html",
     "1120076863065392641"],
    ["/Users/chaitanya/Documents/workers.io/alpenglow-proof/lean-specs/docbuild/.lake/build/doc/Mathlib/Tactic/NormNum/Basic.html",
     "7159211758717019255"],
    ["/Users/chaitanya/Documents/workers.io/alpenglow-proof/lean-specs/docbuild/.lake/build/doc/Mathlib/Tactic/NormNum/BigOperators.html",
     "7854409453616469924"],
    ["/Users/chaitanya/Documents/workers.io/alpenglow-proof/lean-specs/docbuild/.lake/build/doc/Mathlib/Tactic/NormNum/Core.html",
     "501864141374057509"],
    ["/Users/chaitanya/Documents/workers.io/alpenglow-proof/lean-specs/docbuild/.lake/build/doc/Mathlib/Tactic/NormNum/DivMod.html",
     "1087255128377316595"],
    ["/Users/chaitanya/Documents/workers.io/alpenglow-proof/lean-specs/docbuild/.lake/build/doc/Mathlib/Tactic/NormNum/Eq.html",
     "16673732593796145487"],
    ["/Users/chaitanya/Documents/workers.io/alpenglow-proof/lean-specs/docbuild/.lake/build/doc/Mathlib/Tactic/NormNum/GCD.html",
     "911814936417294740"],
    ["/Users/chaitanya/Documents/workers.io/alpenglow-proof/lean-specs/docbuild/.lake/build/doc/Mathlib/Tactic/NormNum/Ineq.html",
     "471835145300260591"],
    ["/Users/chaitanya/Documents/workers.io/alpenglow-proof/lean-specs/docbuild/.lake/build/doc/Mathlib/Tactic/NormNum/Inv.html",
     "7914407844620247492"],
    ["/Users/chaitanya/Documents/workers.io/alpenglow-proof/lean-specs/docbuild/.lake/build/doc/Mathlib/Tactic/NormNum/Irrational.html",
     "14595263330869975695"],
    ["/Users/chaitanya/Documents/workers.io/alpenglow-proof/lean-specs/docbuild/.lake/build/doc/Mathlib/Tactic/NormNum/IsCoprime.html",
     "5554577234241602933"],
    ["/Users/chaitanya/Documents/workers.io/alpenglow-proof/lean-specs/docbuild/.lake/build/doc/Mathlib/Tactic/NormNum/LegendreSymbol.html",
     "9163047620835766275"],
    ["/Users/chaitanya/Documents/workers.io/alpenglow-proof/lean-specs/docbuild/.lake/build/doc/Mathlib/Tactic/NormNum/ModEq.html",
     "268440531901666755"],
    ["/Users/chaitanya/Documents/workers.io/alpenglow-proof/lean-specs/docbuild/.lake/build/doc/Mathlib/Tactic/NormNum/NatFactorial.html",
     "5584788440970080365"],
    ["/Users/chaitanya/Documents/workers.io/alpenglow-proof/lean-specs/docbuild/.lake/build/doc/Mathlib/Tactic/NormNum/NatFib.html",
     "14301238037359540712"],
    ["/Users/chaitanya/Documents/workers.io/alpenglow-proof/lean-specs/docbuild/.lake/build/doc/Mathlib/Tactic/NormNum/NatLog.html",
     "3883018276904100521"],
    ["/Users/chaitanya/Documents/workers.io/alpenglow-proof/lean-specs/docbuild/.lake/build/doc/Mathlib/Tactic/NormNum/NatSqrt.html",
     "1686295969712914828"],
    ["/Users/chaitanya/Documents/workers.io/alpenglow-proof/lean-specs/docbuild/.lake/build/doc/Mathlib/Tactic/NormNum/OfScientific.html",
     "13109404738113186725"],
    ["/Users/chaitanya/Documents/workers.io/alpenglow-proof/lean-specs/docbuild/.lake/build/doc/Mathlib/Tactic/NormNum/Ordinal.html",
     "17286903543275811389"],
    ["/Users/chaitanya/Documents/workers.io/alpenglow-proof/lean-specs/docbuild/.lake/build/doc/Mathlib/Tactic/NormNum/Parity.html",
     "5665284833222722954"],
    ["/Users/chaitanya/Documents/workers.io/alpenglow-proof/lean-specs/docbuild/.lake/build/doc/Mathlib/Tactic/NormNum/Pow.html",
     "13228383895776233930"],
    ["/Users/chaitanya/Documents/workers.io/alpenglow-proof/lean-specs/docbuild/.lake/build/doc/Mathlib/Tactic/NormNum/PowMod.html",
     "17343788269188328334"],
    ["/Users/chaitanya/Documents/workers.io/alpenglow-proof/lean-specs/docbuild/.lake/build/doc/Mathlib/Tactic/NormNum/Prime.html",
     "3238375925055886227"],
    ["/Users/chaitanya/Documents/workers.io/alpenglow-proof/lean-specs/docbuild/.lake/build/doc/Mathlib/Tactic/NormNum/RealSqrt.html",
     "15350079451305554890"],
    ["/Users/chaitanya/Documents/workers.io/alpenglow-proof/lean-specs/docbuild/.lake/build/doc/Mathlib/Tactic/NormNum/Result.html",
     "12909434588304117662"],
    ["/Users/chaitanya/Documents/workers.io/alpenglow-proof/lean-specs/docbuild/.lake/build/doc/Mathlib/Tactic/NthRewrite.html",
     "918937774067351643"],
    ["/Users/chaitanya/Documents/workers.io/alpenglow-proof/lean-specs/docbuild/.lake/build/doc/Mathlib/Tactic/Observe.html",
     "7283884482974022177"],
    ["/Users/chaitanya/Documents/workers.io/alpenglow-proof/lean-specs/docbuild/.lake/build/doc/Mathlib/Tactic/OfNat.html",
     "12923534362381020899"],
    ["/Users/chaitanya/Documents/workers.io/alpenglow-proof/lean-specs/docbuild/.lake/build/doc/Mathlib/Tactic/Order.html",
     "6014064848230778959"],
    ["/Users/chaitanya/Documents/workers.io/alpenglow-proof/lean-specs/docbuild/.lake/build/doc/Mathlib/Tactic/Order/CollectFacts.html",
     "8751444231215594488"],
    ["/Users/chaitanya/Documents/workers.io/alpenglow-proof/lean-specs/docbuild/.lake/build/doc/Mathlib/Tactic/Order/Graph/Basic.html",
     "11870911182439467375"],
    ["/Users/chaitanya/Documents/workers.io/alpenglow-proof/lean-specs/docbuild/.lake/build/doc/Mathlib/Tactic/Order/Graph/Tarjan.html",
     "1395064113024089810"],
    ["/Users/chaitanya/Documents/workers.io/alpenglow-proof/lean-specs/docbuild/.lake/build/doc/Mathlib/Tactic/Order/Preprocessing.html",
     "14616757257854776161"],
    ["/Users/chaitanya/Documents/workers.io/alpenglow-proof/lean-specs/docbuild/.lake/build/doc/Mathlib/Tactic/PNatToNat.html",
     "2731062023725940820"],
    ["/Users/chaitanya/Documents/workers.io/alpenglow-proof/lean-specs/docbuild/.lake/build/doc/Mathlib/Tactic/PPWithUniv.html",
     "13706954136435117396"],
    ["/Users/chaitanya/Documents/workers.io/alpenglow-proof/lean-specs/docbuild/.lake/build/doc/Mathlib/Tactic/Peel.html",
     "16883413771562949460"],
    ["/Users/chaitanya/Documents/workers.io/alpenglow-proof/lean-specs/docbuild/.lake/build/doc/Mathlib/Tactic/Polyrith.html",
     "4521155370760050033"],
    ["/Users/chaitanya/Documents/workers.io/alpenglow-proof/lean-specs/docbuild/.lake/build/doc/Mathlib/Tactic/Positivity.html",
     "8891171310574165403"],
    ["/Users/chaitanya/Documents/workers.io/alpenglow-proof/lean-specs/docbuild/.lake/build/doc/Mathlib/Tactic/Positivity/Basic.html",
     "11263061916449128341"],
    ["/Users/chaitanya/Documents/workers.io/alpenglow-proof/lean-specs/docbuild/.lake/build/doc/Mathlib/Tactic/Positivity/Core.html",
     "14653290591782996450"],
    ["/Users/chaitanya/Documents/workers.io/alpenglow-proof/lean-specs/docbuild/.lake/build/doc/Mathlib/Tactic/Positivity/Finset.html",
     "936867951203100837"],
    ["/Users/chaitanya/Documents/workers.io/alpenglow-proof/lean-specs/docbuild/.lake/build/doc/Mathlib/Tactic/ProdAssoc.html",
     "11275435650806892498"],
    ["/Users/chaitanya/Documents/workers.io/alpenglow-proof/lean-specs/docbuild/.lake/build/doc/Mathlib/Tactic/Propose.html",
     "5409735112252724405"],
    ["/Users/chaitanya/Documents/workers.io/alpenglow-proof/lean-specs/docbuild/.lake/build/doc/Mathlib/Tactic/ProxyType.html",
     "1220970368326967851"],
    ["/Users/chaitanya/Documents/workers.io/alpenglow-proof/lean-specs/docbuild/.lake/build/doc/Mathlib/Tactic/Push.html",
     "13177803088949692362"],
    ["/Users/chaitanya/Documents/workers.io/alpenglow-proof/lean-specs/docbuild/.lake/build/doc/Mathlib/Tactic/Push/Attr.html",
     "15322690289849747062"],
    ["/Users/chaitanya/Documents/workers.io/alpenglow-proof/lean-specs/docbuild/.lake/build/doc/Mathlib/Tactic/Qify.html",
     "3145799731220838295"],
    ["/Users/chaitanya/Documents/workers.io/alpenglow-proof/lean-specs/docbuild/.lake/build/doc/Mathlib/Tactic/RSuffices.html",
     "2799902797637273476"],
    ["/Users/chaitanya/Documents/workers.io/alpenglow-proof/lean-specs/docbuild/.lake/build/doc/Mathlib/Tactic/Recall.html",
     "3716279540378486623"],
    ["/Users/chaitanya/Documents/workers.io/alpenglow-proof/lean-specs/docbuild/.lake/build/doc/Mathlib/Tactic/Recover.html",
     "10490508091895264494"],
    ["/Users/chaitanya/Documents/workers.io/alpenglow-proof/lean-specs/docbuild/.lake/build/doc/Mathlib/Tactic/ReduceModChar.html",
     "2979122992483026006"],
    ["/Users/chaitanya/Documents/workers.io/alpenglow-proof/lean-specs/docbuild/.lake/build/doc/Mathlib/Tactic/ReduceModChar/Ext.html",
     "9899152822962457250"],
    ["/Users/chaitanya/Documents/workers.io/alpenglow-proof/lean-specs/docbuild/.lake/build/doc/Mathlib/Tactic/Relation/Rfl.html",
     "525003964563313083"],
    ["/Users/chaitanya/Documents/workers.io/alpenglow-proof/lean-specs/docbuild/.lake/build/doc/Mathlib/Tactic/Relation/Symm.html",
     "6346881508001669907"],
    ["/Users/chaitanya/Documents/workers.io/alpenglow-proof/lean-specs/docbuild/.lake/build/doc/Mathlib/Tactic/Rename.html",
     "14399950112124010389"],
    ["/Users/chaitanya/Documents/workers.io/alpenglow-proof/lean-specs/docbuild/.lake/build/doc/Mathlib/Tactic/RenameBVar.html",
     "5045059387446915472"],
    ["/Users/chaitanya/Documents/workers.io/alpenglow-proof/lean-specs/docbuild/.lake/build/doc/Mathlib/Tactic/Replace.html",
     "11801262300207060663"],
    ["/Users/chaitanya/Documents/workers.io/alpenglow-proof/lean-specs/docbuild/.lake/build/doc/Mathlib/Tactic/RewriteSearch.html",
     "18346555816620105594"],
    ["/Users/chaitanya/Documents/workers.io/alpenglow-proof/lean-specs/docbuild/.lake/build/doc/Mathlib/Tactic/Rify.html",
     "12541310485066983129"],
    ["/Users/chaitanya/Documents/workers.io/alpenglow-proof/lean-specs/docbuild/.lake/build/doc/Mathlib/Tactic/Ring.html",
     "1148838597903612187"],
    ["/Users/chaitanya/Documents/workers.io/alpenglow-proof/lean-specs/docbuild/.lake/build/doc/Mathlib/Tactic/Ring/Basic.html",
     "791549535839295818"],
    ["/Users/chaitanya/Documents/workers.io/alpenglow-proof/lean-specs/docbuild/.lake/build/doc/Mathlib/Tactic/Ring/Compare.html",
     "3521143780755370318"],
    ["/Users/chaitanya/Documents/workers.io/alpenglow-proof/lean-specs/docbuild/.lake/build/doc/Mathlib/Tactic/Ring/NamePolyVars.html",
     "9864498974629850265"],
    ["/Users/chaitanya/Documents/workers.io/alpenglow-proof/lean-specs/docbuild/.lake/build/doc/Mathlib/Tactic/Ring/PNat.html",
     "13748986139662836146"],
    ["/Users/chaitanya/Documents/workers.io/alpenglow-proof/lean-specs/docbuild/.lake/build/doc/Mathlib/Tactic/Ring/RingNF.html",
     "11142969291039162363"],
    ["/Users/chaitanya/Documents/workers.io/alpenglow-proof/lean-specs/docbuild/.lake/build/doc/Mathlib/Tactic/Sat/FromLRAT.html",
     "4279502501505132196"],
    ["/Users/chaitanya/Documents/workers.io/alpenglow-proof/lean-specs/docbuild/.lake/build/doc/Mathlib/Tactic/Says.html",
     "5245898397841885420"],
    ["/Users/chaitanya/Documents/workers.io/alpenglow-proof/lean-specs/docbuild/.lake/build/doc/Mathlib/Tactic/ScopedNS.html",
     "14456467415036989221"],
    ["/Users/chaitanya/Documents/workers.io/alpenglow-proof/lean-specs/docbuild/.lake/build/doc/Mathlib/Tactic/Set.html",
     "15682725294488399512"],
    ["/Users/chaitanya/Documents/workers.io/alpenglow-proof/lean-specs/docbuild/.lake/build/doc/Mathlib/Tactic/SetLike.html",
     "18323787809389792363"],
    ["/Users/chaitanya/Documents/workers.io/alpenglow-proof/lean-specs/docbuild/.lake/build/doc/Mathlib/Tactic/SimpIntro.html",
     "16947251136095839712"],
    ["/Users/chaitanya/Documents/workers.io/alpenglow-proof/lean-specs/docbuild/.lake/build/doc/Mathlib/Tactic/SimpRw.html",
     "11427165093689661969"],
    ["/Users/chaitanya/Documents/workers.io/alpenglow-proof/lean-specs/docbuild/.lake/build/doc/Mathlib/Tactic/Simproc/Divisors.html",
     "14981255818879669324"],
    ["/Users/chaitanya/Documents/workers.io/alpenglow-proof/lean-specs/docbuild/.lake/build/doc/Mathlib/Tactic/Simproc/ExistsAndEq.html",
     "3372880554453382422"],
    ["/Users/chaitanya/Documents/workers.io/alpenglow-proof/lean-specs/docbuild/.lake/build/doc/Mathlib/Tactic/Simproc/Factors.html",
     "1420408691119722443"],
    ["/Users/chaitanya/Documents/workers.io/alpenglow-proof/lean-specs/docbuild/.lake/build/doc/Mathlib/Tactic/Simps/Basic.html",
     "5279864985959582925"],
    ["/Users/chaitanya/Documents/workers.io/alpenglow-proof/lean-specs/docbuild/.lake/build/doc/Mathlib/Tactic/Simps/NotationClass.html",
     "5638068856080963824"],
    ["/Users/chaitanya/Documents/workers.io/alpenglow-proof/lean-specs/docbuild/.lake/build/doc/Mathlib/Tactic/SplitIfs.html",
     "1122593939482547766"],
    ["/Users/chaitanya/Documents/workers.io/alpenglow-proof/lean-specs/docbuild/.lake/build/doc/Mathlib/Tactic/Spread.html",
     "14532852538645137187"],
    ["/Users/chaitanya/Documents/workers.io/alpenglow-proof/lean-specs/docbuild/.lake/build/doc/Mathlib/Tactic/StacksAttribute.html",
     "2217165937432650525"],
    ["/Users/chaitanya/Documents/workers.io/alpenglow-proof/lean-specs/docbuild/.lake/build/doc/Mathlib/Tactic/Subsingleton.html",
     "15406321009145589642"],
    ["/Users/chaitanya/Documents/workers.io/alpenglow-proof/lean-specs/docbuild/.lake/build/doc/Mathlib/Tactic/Substs.html",
     "602992597443938621"],
    ["/Users/chaitanya/Documents/workers.io/alpenglow-proof/lean-specs/docbuild/.lake/build/doc/Mathlib/Tactic/SuccessIfFailWithMsg.html",
     "11139174910775395525"],
    ["/Users/chaitanya/Documents/workers.io/alpenglow-proof/lean-specs/docbuild/.lake/build/doc/Mathlib/Tactic/SudoSetOption.html",
     "7920464389318889321"],
    ["/Users/chaitanya/Documents/workers.io/alpenglow-proof/lean-specs/docbuild/.lake/build/doc/Mathlib/Tactic/SuppressCompilation.html",
     "17309695757983008132"],
    ["/Users/chaitanya/Documents/workers.io/alpenglow-proof/lean-specs/docbuild/.lake/build/doc/Mathlib/Tactic/SwapVar.html",
     "6218011671978598454"],
    ["/Users/chaitanya/Documents/workers.io/alpenglow-proof/lean-specs/docbuild/.lake/build/doc/Mathlib/Tactic/TFAE.html",
     "1515677652055197999"],
    ["/Users/chaitanya/Documents/workers.io/alpenglow-proof/lean-specs/docbuild/.lake/build/doc/Mathlib/Tactic/TacticAnalysis.html",
     "15768705630386212343"],
    ["/Users/chaitanya/Documents/workers.io/alpenglow-proof/lean-specs/docbuild/.lake/build/doc/Mathlib/Tactic/TacticAnalysis/Declarations.html",
     "6319105883126241797"],
    ["/Users/chaitanya/Documents/workers.io/alpenglow-proof/lean-specs/docbuild/.lake/build/doc/Mathlib/Tactic/Tauto.html",
     "12444561193678749455"],
    ["/Users/chaitanya/Documents/workers.io/alpenglow-proof/lean-specs/docbuild/.lake/build/doc/Mathlib/Tactic/TautoSet.html",
     "7755353371862718382"],
    ["/Users/chaitanya/Documents/workers.io/alpenglow-proof/lean-specs/docbuild/.lake/build/doc/Mathlib/Tactic/TermCongr.html",
     "8076222021211542795"],
    ["/Users/chaitanya/Documents/workers.io/alpenglow-proof/lean-specs/docbuild/.lake/build/doc/Mathlib/Tactic/ToAdditive.html",
     "17021568019867106700"],
    ["/Users/chaitanya/Documents/workers.io/alpenglow-proof/lean-specs/docbuild/.lake/build/doc/Mathlib/Tactic/ToAdditive/Frontend.html",
     "1277126716940146707"],
    ["/Users/chaitanya/Documents/workers.io/alpenglow-proof/lean-specs/docbuild/.lake/build/doc/Mathlib/Tactic/ToAdditive/GuessName.html",
     "10652909559651020214"],
    ["/Users/chaitanya/Documents/workers.io/alpenglow-proof/lean-specs/docbuild/.lake/build/doc/Mathlib/Tactic/ToExpr.html",
     "12104965651496539172"],
    ["/Users/chaitanya/Documents/workers.io/alpenglow-proof/lean-specs/docbuild/.lake/build/doc/Mathlib/Tactic/ToLevel.html",
     "571181564010118722"],
    ["/Users/chaitanya/Documents/workers.io/alpenglow-proof/lean-specs/docbuild/.lake/build/doc/Mathlib/Tactic/Trace.html",
     "2745654459913769881"],
    ["/Users/chaitanya/Documents/workers.io/alpenglow-proof/lean-specs/docbuild/.lake/build/doc/Mathlib/Tactic/TryThis.html",
     "8669272263692889161"],
    ["/Users/chaitanya/Documents/workers.io/alpenglow-proof/lean-specs/docbuild/.lake/build/doc/Mathlib/Tactic/TypeCheck.html",
     "14198738802201761820"],
    ["/Users/chaitanya/Documents/workers.io/alpenglow-proof/lean-specs/docbuild/.lake/build/doc/Mathlib/Tactic/TypeStar.html",
     "2274324877564074286"],
    ["/Users/chaitanya/Documents/workers.io/alpenglow-proof/lean-specs/docbuild/.lake/build/doc/Mathlib/Tactic/UnsetOption.html",
     "5583639560864437488"],
    ["/Users/chaitanya/Documents/workers.io/alpenglow-proof/lean-specs/docbuild/.lake/build/doc/Mathlib/Tactic/Use.html",
     "11921781095580786709"],
    ["/Users/chaitanya/Documents/workers.io/alpenglow-proof/lean-specs/docbuild/.lake/build/doc/Mathlib/Tactic/Variable.html",
     "5740962062296232522"],
    ["/Users/chaitanya/Documents/workers.io/alpenglow-proof/lean-specs/docbuild/.lake/build/doc/Mathlib/Tactic/WLOG.html",
     "16295266971923375949"],
    ["/Users/chaitanya/Documents/workers.io/alpenglow-proof/lean-specs/docbuild/.lake/build/doc/Mathlib/Tactic/Widget/Calc.html",
     "4409668281282921393"],
    ["/Users/chaitanya/Documents/workers.io/alpenglow-proof/lean-specs/docbuild/.lake/build/doc/Mathlib/Tactic/Widget/CommDiag.html",
     "3908736348143612879"],
    ["/Users/chaitanya/Documents/workers.io/alpenglow-proof/lean-specs/docbuild/.lake/build/doc/Mathlib/Tactic/Widget/CongrM.html",
     "14809027361112235848"],
    ["/Users/chaitanya/Documents/workers.io/alpenglow-proof/lean-specs/docbuild/.lake/build/doc/Mathlib/Tactic/Widget/Conv.html",
     "884588592443474245"],
    ["/Users/chaitanya/Documents/workers.io/alpenglow-proof/lean-specs/docbuild/.lake/build/doc/Mathlib/Tactic/Widget/GCongr.html",
     "1553169432154870793"],
    ["/Users/chaitanya/Documents/workers.io/alpenglow-proof/lean-specs/docbuild/.lake/build/doc/Mathlib/Tactic/Widget/InteractiveUnfold.html",
     "14164517149513631076"],
    ["/Users/chaitanya/Documents/workers.io/alpenglow-proof/lean-specs/docbuild/.lake/build/doc/Mathlib/Tactic/Widget/LibraryRewrite.html",
     "1512120999430891878"],
    ["/Users/chaitanya/Documents/workers.io/alpenglow-proof/lean-specs/docbuild/.lake/build/doc/Mathlib/Tactic/Widget/SelectInsertParamsClass.html",
     "10486593173482284784"],
    ["/Users/chaitanya/Documents/workers.io/alpenglow-proof/lean-specs/docbuild/.lake/build/doc/Mathlib/Tactic/Widget/SelectPanelUtils.html",
     "6540844237382171876"],
    ["/Users/chaitanya/Documents/workers.io/alpenglow-proof/lean-specs/docbuild/.lake/build/doc/Mathlib/Tactic/Widget/StringDiagram.html",
     "13198660616904567576"],
    ["/Users/chaitanya/Documents/workers.io/alpenglow-proof/lean-specs/docbuild/.lake/build/doc/Mathlib/Tactic/WithoutCDot.html",
     "13419301653499499522"],
    ["/Users/chaitanya/Documents/workers.io/alpenglow-proof/lean-specs/docbuild/.lake/build/doc/Mathlib/Tactic/Zify.html",
     "12156052920188374478"]]],
  ["/Users/chaitanya/Documents/workers.io/alpenglow-proof/lean-specs/docbuild/.lake/build/doc-data/references.json",
   "11893762902049086281"],
  ["/Users/chaitanya/Documents/workers.io/alpenglow-proof/lean-specs/.lake/packages/doc-gen4/.lake/build/bin/doc-gen4",
   "14530417092425997119"],
  ["Mathlib.Tactic:leanArts", "10526029565581829319"]],
 "depHash": "17231511659661163261"}