{"synthetic": false,
 "outputs": null,
 "log":
 [{"message":
   ".> ELAN=elan ELAN_HOME=/Users/chaitanya/.elan ELAN_TOOLCHAIN=leanprover/lean4:v4.24.0 LAKE=/Users/chaitanya/.elan/toolchains/leanprover--lean4---v4.24.0/bin/lake LAKE_HOME=/Users/chaitanya/.elan/toolchains/leanprover--lean4---v4.24.0 LAKE_PKG_URL_MAP={} LAKE_NO_CACHE=false LAKE_ARTIFACT_CACHE=false LAKE_CACHE_DIR=/Users/chaitanya/.elan/toolchains/leanprover--lean4---v4.24.0/lake/cache LEAN=/Users/chaitanya/.elan/toolchains/leanprover--lean4---v4.24.0/bin/lean LEAN_SYSROOT=/Users/chaitanya/.elan/toolchains/leanprover--lean4---v4.24.0 LEAN_AR=/Users/chaitanya/.elan/toolchains/leanprover--lean4---v4.24.0/bin/llvm-ar LEAN_CC= LEAN_PATH=/Users/chaitanya/Documents/workers.io/alpenglow-proof/lean-specs/.lake/packages/batteries/.lake/build/lib/lean:/Users/chaitanya/Documents/workers.io/alpenglow-proof/lean-specs/.lake/packages/Qq/.lake/build/lib/lean:/Users/chaitanya/Documents/workers.io/alpenglow-proof/lean-specs/.lake/packages/aesop/.lake/build/lib/lean:/Users/chaitanya/Documents/workers.io/alpenglow-proof/lean-specs/.lake/packages/proofwidgets/.lake/build/lib/lean:/Users/chaitanya/Documents/workers.io/alpenglow-proof/lean-specs/.lake/packages/importGraph/.lake/build/lib/lean:/Users/chaitanya/Documents/workers.io/alpenglow-proof/lean-specs/.lake/packages/LeanSearchClient/.lake/build/lib/lean:/Users/chaitanya/Documents/workers.io/alpenglow-proof/lean-specs/.lake/packages/plausible/.lake/build/lib/lean:/Users/chaitanya/Documents/workers.io/alpenglow-proof/lean-specs/.lake/packages/mathlib/.lake/build/lib/lean:/Users/chaitanya/Documents/workers.io/alpenglow-proof/lean-specs/.lake/packages/MD4Lean/.lake/build/lib/lean:/Users/chaitanya/Documents/workers.io/alpenglow-proof/lean-specs/.lake/packages/BibtexQuery/.lake/build/lib/lean:/Users/chaitanya/Documents/workers.io/alpenglow-proof/lean-specs/.lake/packages/UnicodeBasic/.lake/build/lib/lean:/Users/chaitanya/Documents/workers.io/alpenglow-proof/lean-specs/.lake/packages/Cli/.lake/build/lib/lean:/Users/chaitanya/Documents/workers.io/alpenglow-proof/lean-specs/.lake/build/lib/lean:/Users/chaitanya/Documents/workers.io/alpenglow-proof/lean-specs/.lake/packages/doc-gen4/.lake/build/lib/lean:/Users/chaitanya/Documents/workers.io/alpenglow-proof/lean-specs/docbuild/.lake/build/lib/lean:/Users/chaitanya/.elan/toolchains/leanprover--lean4---v4.24.0/lib/lean LEAN_SRC_PATH=/Users/chaitanya/Documents/workers.io/alpenglow-proof/lean-specs/.lake/packages/batteries:/Users/chaitanya/Documents/workers.io/alpenglow-proof/lean-specs/.lake/packages/batteries:/Users/chaitanya/Documents/workers.io/alpenglow-proof/lean-specs/.lake/packages/Qq:/Users/chaitanya/Documents/workers.io/alpenglow-proof/lean-specs/.lake/packages/Qq:/Users/chaitanya/Documents/workers.io/alpenglow-proof/lean-specs/.lake/packages/aesop:/Users/chaitanya/Documents/workers.io/alpenglow-proof/lean-specs/.lake/packages/aesop:/Users/chaitanya/Documents/workers.io/alpenglow-proof/lean-specs/.lake/packages/proofwidgets:/Users/chaitanya/Documents/workers.io/alpenglow-proof/lean-specs/.lake/packages/proofwidgets:/Users/chaitanya/Documents/workers.io/alpenglow-proof/lean-specs/.lake/packages/importGraph:/Users/chaitanya/Documents/workers.io/alpenglow-proof/lean-specs/.lake/packages/importGraph:/Users/chaitanya/Documents/workers.io/alpenglow-proof/lean-specs/.lake/packages/LeanSearchClient:/Users/chaitanya/Documents/workers.io/alpenglow-proof/lean-specs/.lake/packages/LeanSearchClient:/Users/chaitanya/Documents/workers.io/alpenglow-proof/lean-specs/.lake/packages/plausible:/Users/chaitanya/Documents/workers.io/alpenglow-proof/lean-specs/.lake/packages/plausible:/Users/chaitanya/Documents/workers.io/alpenglow-proof/lean-specs/.lake/packages/mathlib:/Users/chaitanya/Documents/workers.io/alpenglow-proof/lean-specs/.lake/packages/mathlib:/Users/chaitanya/Documents/workers.io/alpenglow-proof/lean-specs/.lake/packages/mathlib:/Users/chaitanya/Documents/workers.io/alpenglow-proof/lean-specs/.lake/packages/mathlib:/Users/chaitanya/Documents/workers.io/alpenglow-proof/lean-specs/.lake/packages/mathlib:/Users/chaitanya/Documents/workers.io/alpenglow-proof/lean-specs/.lake/packages/mathlib:/Users/chaitanya/Documents/workers.io/alpenglow-proof/lean-specs/.lake/packages/mathlib:/Users/chaitanya/Documents/workers.io/alpenglow-proof/lean-specs/.lake/packages/MD4Lean:/Users/chaitanya/Documents/workers.io/alpenglow-proof/lean-specs/.lake/packages/MD4Lean:/Users/chaitanya/Documents/workers.io/alpenglow-proof/lean-specs/.lake/packages/BibtexQuery:/Users/chaitanya/Documents/workers.io/alpenglow-proof/lean-specs/.lake/packages/UnicodeBasic:/Users/chaitanya/Documents/workers.io/alpenglow-proof/lean-specs/.lake/packages/UnicodeBasic:/Users/chaitanya/Documents/workers.io/alpenglow-proof/lean-specs/.lake/packages/Cli:/Users/chaitanya/Documents/workers.io/alpenglow-proof/lean-specs/.lake/packages/Cli:/Users/chaitanya/Documents/workers.io/alpenglow-proof/lean-specs:/Users/chaitanya/Documents/workers.io/alpenglow-proof/lean-specs:/Users/chaitanya/Documents/workers.io/alpenglow-proof/lean-specs:/Users/chaitanya/Documents/workers.io/alpenglow-proof/lean-specs:/Users/chaitanya/Documents/workers.io/alpenglow-proof/lean-specs:/Users/chaitanya/Documents/workers.io/alpenglow-proof/lean-specs:/Users/chaitanya/Documents/workers.io/alpenglow-proof/lean-specs:/Users/chaitanya/Documents/workers.io/alpenglow-proof/lean-specs:/Users/chaitanya/Documents/workers.io/alpenglow-proof/lean-specs:/Users/chaitanya/Documents/workers.io/alpenglow-proof/lean-specs:/Users/chaitanya/Documents/workers.io/alpenglow-proof/lean-specs:/Users/chaitanya/Documents/workers.io/alpenglow-proof/lean-specs:/Users/chaitanya/Documents/workers.io/alpenglow-proof/lean-specs:/Users/chaitanya/Documents/workers.io/alpenglow-proof/lean-specs:/Users/chaitanya/Documents/workers.io/alpenglow-proof/lean-specs:/Users/chaitanya/Documents/workers.io/alpenglow-proof/lean-specs:/Users/chaitanya/Documents/workers.io/alpenglow-proof/lean-specs:/Users/chaitanya/Documents/workers.io/alpenglow-proof/lean-specs:/Users/chaitanya/Documents/workers.io/alpenglow-proof/lean-specs:/Users/chaitanya/Documents/workers.io/alpenglow-proof/lean-specs:/Users/chaitanya/Documents/workers.io/alpenglow-proof/lean-specs:/Users/chaitanya/Documents/workers.io/alpenglow-proof/lean-specs:/Users/chaitanya/Documents/workers.io/alpenglow-proof/lean-specs:/Users/chaitanya/Documents/workers.io/alpenglow-proof/lean-specs:/Users/chaitanya/Documents/workers.io/alpenglow-proof/lean-specs:/Users/chaitanya/Documents/workers.io/alpenglow-proof/lean-specs:/Users/chaitanya/Documents/workers.io/alpenglow-proof/lean-specs:/Users/chaitanya/Documents/workers.io/alpenglow-proof/lean-specs:/Users/chaitanya/Documents/workers.io/alpenglow-proof/lean-specs:/Users/chaitanya/Documents/workers.io/alpenglow-proof/lean-specs:/Users/chaitanya/Documents/workers.io/alpenglow-proof/lean-specs:/Users/chaitanya/Documents/workers.io/alpenglow-proof/lean-specs:/Users/chaitanya/Documents/workers.io/alpenglow-proof/lean-specs/.lake/packages/doc-gen4:/Users/chaitanya/.elan/toolchains/leanprover--lean4---v4.24.0/src/lean/lake LEAN_GITHASH=797c613eb9b6d4ec95db23e3e00af9ac6657f24b PATH DYLD_LIBRARY_PATH=/Users/chaitanya/.elan/toolchains/leanprover--lean4---v4.24.0/lib/lean:/Users/chaitanya/.elan/toolchains/leanprover--lean4---v4.24.0/lib:/Users/chaitanya/Documents/workers.io/alpenglow-proof/lean-specs/docbuild/.lake/build/lib:/Users/chaitanya/Documents/workers.io/alpenglow-proof/lean-specs/.lake/packages/doc-gen4/.lake/build/lib:/Users/chaitanya/Documents/workers.io/alpenglow-proof/lean-specs/.lake/build/lib:/Users/chaitanya/Documents/workers.io/alpenglow-proof/lean-specs/.lake/packages/Cli/.lake/build/lib:/Users/chaitanya/Documents/workers.io/alpenglow-proof/lean-specs/.lake/packages/UnicodeBasic/.lake/build/lib:/Users/chaitanya/Documents/workers.io/alpenglow-proof/lean-specs/.lake/packages/BibtexQuery/.lake/build/lib:/Users/chaitanya/Documents/workers.io/alpenglow-proof/lean-specs/.lake/packages/MD4Lean/.lake/build/lib:/Users/chaitanya/Documents/workers.io/alpenglow-proof/lean-specs/.lake/packages/mathlib/.lake/build/lib:/Users/chaitanya/Documents/workers.io/alpenglow-proof/lean-specs/.lake/packages/plausible/.lake/build/lib:/Users/chaitanya/Documents/workers.io/alpenglow-proof/lean-specs/.lake/packages/LeanSearchClient/.lake/build/lib:/Users/chaitanya/Documents/workers.io/alpenglow-proof/lean-specs/.lake/packages/importGraph/.lake/build/lib:/Users/chaitanya/Documents/workers.io/alpenglow-proof/lean-specs/.lake/packages/proofwidgets/.lake/build/lib:/Users/chaitanya/Documents/workers.io/alpenglow-proof/lean-specs/.lake/packages/aesop/.lake/build/lib:/Users/chaitanya/Documents/workers.io/alpenglow-proof/lean-specs/.lake/packages/Qq/.lake/build/lib:/Users/chaitanya/Documents/workers.io/alpenglow-proof/lean-specs/.lake/packages/batteries/.lake/build/lib /Users/chaitanya/Documents/workers.io/alpenglow-proof/lean-specs/.lake/packages/doc-gen4/.lake/build/bin/doc-gen4 single --build /Users/chaitanya/Documents/workers.io/alpenglow-proof/lean-specs/docbuild/.lake/build Mathlib.Analysis.SpecificLimits.Normed https://github.com/leanprover-community/mathlib4/blob/6b1d0f08cb89b784bfb1bb9cabf8016cc8059f07/Mathlib/Analysis/SpecificLimits/Normed.lean",
   "level": "trace"}],
 "inputs":
 [["<collection>",
   [["/Users/chaitanya/Documents/workers.io/alpenglow-proof/lean-specs/docbuild/.lake/build/doc/Mathlib/Algebra/BigOperators/Module.html",
     "14146922709837695125"],
    ["/Users/chaitanya/Documents/workers.io/alpenglow-proof/lean-specs/docbuild/.lake/build/doc/Mathlib/Algebra/Order/Field/Power.html",
     "3608546357931533917"],
    ["/Users/chaitanya/Documents/workers.io/alpenglow-proof/lean-specs/docbuild/.lake/build/doc/Mathlib/Algebra/Polynomial/Monic.html",
     "6426260027938957993"],
    ["/Users/chaitanya/Documents/workers.io/alpenglow-proof/lean-specs/docbuild/.lake/build/doc/Mathlib/Analysis/Asymptotics/Lemmas.html",
     "10498049981316713593"],
    ["/Users/chaitanya/Documents/workers.io/alpenglow-proof/lean-specs/docbuild/.lake/build/doc/Mathlib/Analysis/Normed/Ring/InfiniteSum.html",
     "2148996855706987435"],
    ["/Users/chaitanya/Documents/workers.io/alpenglow-proof/lean-specs/docbuild/.lake/build/doc/Mathlib/Analysis/Normed/Module/Basic.html",
     "7758211393089664099"],
    ["/Users/chaitanya/Documents/workers.io/alpenglow-proof/lean-specs/docbuild/.lake/build/doc/Mathlib/Analysis/Normed/Order/Lattice.html",
     "12129778522744178403"],
    ["/Users/chaitanya/Documents/workers.io/alpenglow-proof/lean-specs/docbuild/.lake/build/doc/Mathlib/Analysis/SpecificLimits/Basic.html",
     "17041918970057722992"],
    ["/Users/chaitanya/Documents/workers.io/alpenglow-proof/lean-specs/docbuild/.lake/build/doc/Mathlib/Data/List/TFAE.html",
     "11071107000335998445"],
    ["/Users/chaitanya/Documents/workers.io/alpenglow-proof/lean-specs/docbuild/.lake/build/doc/Mathlib/Data/Nat/Choose/Bounds.html",
     "8454823929423085051"],
    ["/Users/chaitanya/Documents/workers.io/alpenglow-proof/lean-specs/docbuild/.lake/build/doc/Mathlib/Order/Filter/AtTopBot/ModEq.html",
     "12349973269044032605"],
    ["/Users/chaitanya/Documents/workers.io/alpenglow-proof/lean-specs/docbuild/.lake/build/doc/Mathlib/RingTheory/Polynomial/Pochhammer.html",
     "1353999205312615756"],
    ["/Users/chaitanya/Documents/workers.io/alpenglow-proof/lean-specs/docbuild/.lake/build/doc/Mathlib/Tactic/NoncommRing.html",
     "3544887367196148942"]]],
  ["/Users/chaitanya/Documents/workers.io/alpenglow-proof/lean-specs/docbuild/.lake/build/doc-data/references.json",
   "11893762902049086281"],
  ["/Users/chaitanya/Documents/workers.io/alpenglow-proof/lean-specs/.lake/packages/doc-gen4/.lake/build/bin/doc-gen4",
   "14530417092425997119"],
  ["Mathlib.Analysis.SpecificLimits.Normed:leanArts", "6980220687312155634"]],
 "depHash": "4216704781800955313"}