{"synthetic": false,
 "outputs": null,
 "log":
 [{"message":
   ".> ELAN=elan ELAN_HOME=/Users/chaitanya/.elan ELAN_TOOLCHAIN=leanprover/lean4:v4.24.0 LAKE=/Users/chaitanya/.elan/toolchains/leanprover--lean4---v4.24.0/bin/lake LAKE_HOME=/Users/chaitanya/.elan/toolchains/leanprover--lean4---v4.24.0 LAKE_PKG_URL_MAP={} LAKE_NO_CACHE=false LAKE_ARTIFACT_CACHE=false LAKE_CACHE_DIR=/Users/chaitanya/.elan/toolchains/leanprover--lean4---v4.24.0/lake/cache LEAN=/Users/chaitanya/.elan/toolchains/leanprover--lean4---v4.24.0/bin/lean LEAN_SYSROOT=/Users/chaitanya/.elan/toolchains/leanprover--lean4---v4.24.0 LEAN_AR=/Users/chaitanya/.elan/toolchains/leanprover--lean4---v4.24.0/bin/llvm-ar LEAN_CC= LEAN_PATH=/Users/chaitanya/Documents/workers.io/alpenglow-proof/lean-specs/.lake/packages/batteries/.lake/build/lib/lean:/Users/chaitanya/Documents/workers.io/alpenglow-proof/lean-specs/.lake/packages/Qq/.lake/build/lib/lean:/Users/chaitanya/Documents/workers.io/alpenglow-proof/lean-specs/.lake/packages/aesop/.lake/build/lib/lean:/Users/chaitanya/Documents/workers.io/alpenglow-proof/lean-specs/.lake/packages/proofwidgets/.lake/build/lib/lean:/Users/chaitanya/Documents/workers.io/alpenglow-proof/lean-specs/.lake/packages/importGraph/.lake/build/lib/lean:/Users/chaitanya/Documents/workers.io/alpenglow-proof/lean-specs/.lake/packages/LeanSearchClient/.lake/build/lib/lean:/Users/chaitanya/Documents/workers.io/alpenglow-proof/lean-specs/.lake/packages/plausible/.lake/build/lib/lean:/Users/chaitanya/Documents/workers.io/alpenglow-proof/lean-specs/.lake/packages/mathlib/.lake/build/lib/lean:/Users/chaitanya/Documents/workers.io/alpenglow-proof/lean-specs/.lake/packages/MD4Lean/.lake/build/lib/lean:/Users/chaitanya/Documents/workers.io/alpenglow-proof/lean-specs/.lake/packages/BibtexQuery/.lake/build/lib/lean:/Users/chaitanya/Documents/workers.io/alpenglow-proof/lean-specs/.lake/packages/UnicodeBasic/.lake/build/lib/lean:/Users/chaitanya/Documents/workers.io/alpenglow-proof/lean-specs/.lake/packages/Cli/.lake/build/lib/lean:/Users/chaitanya/Documents/workers.io/alpenglow-proof/lean-specs/.lake/build/lib/lean:/Users/chaitanya/Documents/workers.io/alpenglow-proof/lean-specs/.lake/packages/doc-gen4/.lake/build/lib/lean:/Users/chaitanya/Documents/workers.io/alpenglow-proof/lean-specs/docbuild/.lake/build/lib/lean:/Users/chaitanya/.elan/toolchains/leanprover--lean4---v4.24.0/lib/lean LEAN_SRC_PATH=/Users/chaitanya/Documents/workers.io/alpenglow-proof/lean-specs/.lake/packages/batteries:/Users/chaitanya/Documents/workers.io/alpenglow-proof/lean-specs/.lake/packages/batteries:/Users/chaitanya/Documents/workers.io/alpenglow-proof/lean-specs/.lake/packages/Qq:/Users/chaitanya/Documents/workers.io/alpenglow-proof/lean-specs/.lake/packages/Qq:/Users/chaitanya/Documents/workers.io/alpenglow-proof/lean-specs/.lake/packages/aesop:/Users/chaitanya/Documents/workers.io/alpenglow-proof/lean-specs/.lake/packages/aesop:/Users/chaitanya/Documents/workers.io/alpenglow-proof/lean-specs/.lake/packages/proofwidgets:/Users/chaitanya/Documents/workers.io/alpenglow-proof/lean-specs/.lake/packages/proofwidgets:/Users/chaitanya/Documents/workers.io/alpenglow-proof/lean-specs/.lake/packages/importGraph:/Users/chaitanya/Documents/workers.io/alpenglow-proof/lean-specs/.lake/packages/importGraph:/Users/chaitanya/Documents/workers.io/alpenglow-proof/lean-specs/.lake/packages/LeanSearchClient:/Users/chaitanya/Documents/workers.io/alpenglow-proof/lean-specs/.lake/packages/LeanSearchClient:/Users/chaitanya/Documents/workers.io/alpenglow-proof/lean-specs/.lake/packages/plausible:/Users/chaitanya/Documents/workers.io/alpenglow-proof/lean-specs/.lake/packages/plausible:/Users/chaitanya/Documents/workers.io/alpenglow-proof/lean-specs/.lake/packages/mathlib:/Users/chaitanya/Documents/workers.io/alpenglow-proof/lean-specs/.lake/packages/mathlib:/Users/chaitanya/Documents/workers.io/alpenglow-proof/lean-specs/.lake/packages/mathlib:/Users/chaitanya/Documents/workers.io/alpenglow-proof/lean-specs/.lake/packages/mathlib:/Users/chaitanya/Documents/workers.io/alpenglow-proof/lean-specs/.lake/packages/mathlib:/Users/chaitanya/Documents/workers.io/alpenglow-proof/lean-specs/.lake/packages/mathlib:/Users/chaitanya/Documents/workers.io/alpenglow-proof/lean-specs/.lake/packages/mathlib:/Users/chaitanya/Documents/workers.io/alpenglow-proof/lean-specs/.lake/packages/MD4Lean:/Users/chaitanya/Documents/workers.io/alpenglow-proof/lean-specs/.lake/packages/MD4Lean:/Users/chaitanya/Documents/workers.io/alpenglow-proof/lean-specs/.lake/packages/BibtexQuery:/Users/chaitanya/Documents/workers.io/alpenglow-proof/lean-specs/.lake/packages/UnicodeBasic:/Users/chaitanya/Documents/workers.io/alpenglow-proof/lean-specs/.lake/packages/UnicodeBasic:/Users/chaitanya/Documents/workers.io/alpenglow-proof/lean-specs/.lake/packages/Cli:/Users/chaitanya/Documents/workers.io/alpenglow-proof/lean-specs/.lake/packages/Cli:/Users/chaitanya/Documents/workers.io/alpenglow-proof/lean-specs:/Users/chaitanya/Documents/workers.io/alpenglow-proof/lean-specs:/Users/chaitanya/Documents/workers.io/alpenglow-proof/lean-specs:/Users/chaitanya/Documents/workers.io/alpenglow-proof/lean-specs:/Users/chaitanya/Documents/workers.io/alpenglow-proof/lean-specs:/Users/chaitanya/Documents/workers.io/alpenglow-proof/lean-specs:/Users/chaitanya/Documents/workers.io/alpenglow-proof/lean-specs:/Users/chaitanya/Documents/workers.io/alpenglow-proof/lean-specs:/Users/chaitanya/Documents/workers.io/alpenglow-proof/lean-specs:/Users/chaitanya/Documents/workers.io/alpenglow-proof/lean-specs:/Users/chaitanya/Documents/workers.io/alpenglow-proof/lean-specs:/Users/chaitanya/Documents/workers.io/alpenglow-proof/lean-specs:/Users/chaitanya/Documents/workers.io/alpenglow-proof/lean-specs:/Users/chaitanya/Documents/workers.io/alpenglow-proof/lean-specs:/Users/chaitanya/Documents/workers.io/alpenglow-proof/lean-specs:/Users/chaitanya/Documents/workers.io/alpenglow-proof/lean-specs:/Users/chaitanya/Documents/workers.io/alpenglow-proof/lean-specs:/Users/chaitanya/Documents/workers.io/alpenglow-proof/lean-specs:/Users/chaitanya/Documents/workers.io/alpenglow-proof/lean-specs:/Users/chaitanya/Documents/workers.io/alpenglow-proof/lean-specs:/Users/chaitanya/Documents/workers.io/alpenglow-proof/lean-specs:/Users/chaitanya/Documents/workers.io/alpenglow-proof/lean-specs:/Users/chaitanya/Documents/workers.io/alpenglow-proof/lean-specs:/Users/chaitanya/Documents/workers.io/alpenglow-proof/lean-specs:/Users/chaitanya/Documents/workers.io/alpenglow-proof/lean-specs:/Users/chaitanya/Documents/workers.io/alpenglow-proof/lean-specs:/Users/chaitanya/Documents/workers.io/alpenglow-proof/lean-specs:/Users/chaitanya/Documents/workers.io/alpenglow-proof/lean-specs:/Users/chaitanya/Documents/workers.io/alpenglow-proof/lean-specs:/Users/chaitanya/Documents/workers.io/alpenglow-proof/lean-specs:/Users/chaitanya/Documents/workers.io/alpenglow-proof/lean-specs:/Users/chaitanya/Documents/workers.io/alpenglow-proof/lean-specs:/Users/chaitanya/Documents/workers.io/alpenglow-proof/lean-specs/.lake/packages/doc-gen4:/Users/chaitanya/.elan/toolchains/leanprover--lean4---v4.24.0/src/lean/lake LEAN_GITHASH=797c613eb9b6d4ec95db23e3e00af9ac6657f24b PATH DYLD_LIBRARY_PATH=/Users/chaitanya/.elan/toolchains/leanprover--lean4---v4.24.0/lib/lean:/Users/chaitanya/.elan/toolchains/leanprover--lean4---v4.24.0/lib:/Users/chaitanya/Documents/workers.io/alpenglow-proof/lean-specs/docbuild/.lake/build/lib:/Users/chaitanya/Documents/workers.io/alpenglow-proof/lean-specs/.lake/packages/doc-gen4/.lake/build/lib:/Users/chaitanya/Documents/workers.io/alpenglow-proof/lean-specs/.lake/build/lib:/Users/chaitanya/Documents/workers.io/alpenglow-proof/lean-specs/.lake/packages/Cli/.lake/build/lib:/Users/chaitanya/Documents/workers.io/alpenglow-proof/lean-specs/.lake/packages/UnicodeBasic/.lake/build/lib:/Users/chaitanya/Documents/workers.io/alpenglow-proof/lean-specs/.lake/packages/BibtexQuery/.lake/build/lib:/Users/chaitanya/Documents/workers.io/alpenglow-proof/lean-specs/.lake/packages/MD4Lean/.lake/build/lib:/Users/chaitanya/Documents/workers.io/alpenglow-proof/lean-specs/.lake/packages/mathlib/.lake/build/lib:/Users/chaitanya/Documents/workers.io/alpenglow-proof/lean-specs/.lake/packages/plausible/.lake/build/lib:/Users/chaitanya/Documents/workers.io/alpenglow-proof/lean-specs/.lake/packages/LeanSearchClient/.lake/build/lib:/Users/chaitanya/Documents/workers.io/alpenglow-proof/lean-specs/.lake/packages/importGraph/.lake/build/lib:/Users/chaitanya/Documents/workers.io/alpenglow-proof/lean-specs/.lake/packages/proofwidgets/.lake/build/lib:/Users/chaitanya/Documents/workers.io/alpenglow-proof/lean-specs/.lake/packages/aesop/.lake/build/lib:/Users/chaitanya/Documents/workers.io/alpenglow-proof/lean-specs/.lake/packages/Qq/.lake/build/lib:/Users/chaitanya/Documents/workers.io/alpenglow-proof/lean-specs/.lake/packages/batteries/.lake/build/lib /Users/chaitanya/Documents/workers.io/alpenglow-proof/lean-specs/.lake/packages/doc-gen4/.lake/build/bin/doc-gen4 single --build /Users/chaitanya/Documents/workers.io/alpenglow-proof/lean-specs/docbuild/.lake/build Mathlib.Tactic.Common https://github.com/leanprover-community/mathlib4/blob/6b1d0f08cb89b784bfb1bb9cabf8016cc8059f07/Mathlib/Tactic/Common.lean",
   "level": "trace"}],
 "inputs":
 [["<collection>",
   [["/Users/chaitanya/Documents/workers.io/alpenglow-proof/lean-specs/docbuild/.lake/build/doc/Aesop.html",
     "12106109520996460077"],
    ["/Users/chaitanya/Documents/workers.io/alpenglow-proof/lean-specs/docbuild/.lake/build/doc/Qq.html",
     "10059217276272593328"],
    ["/Users/chaitanya/Documents/workers.io/alpenglow-proof/lean-specs/docbuild/.lake/build/doc/Plausible.html",
     "7631844341039963762"],
    ["/Users/chaitanya/Documents/workers.io/alpenglow-proof/lean-specs/docbuild/.lake/build/doc/ImportGraph/Imports.html",
     "13161399567638629218"],
    ["/Users/chaitanya/Documents/workers.io/alpenglow-proof/lean-specs/docbuild/.lake/build/doc/Batteries/Tactic/Basic.html",
     "13238927471379494213"],
    ["/Users/chaitanya/Documents/workers.io/alpenglow-proof/lean-specs/docbuild/.lake/build/doc/Batteries/Tactic/Case.html",
     "10390815113430673965"],
    ["/Users/chaitanya/Documents/workers.io/alpenglow-proof/lean-specs/docbuild/.lake/build/doc/Batteries/Tactic/HelpCmd.html",
     "5361847901071530961"],
    ["/Users/chaitanya/Documents/workers.io/alpenglow-proof/lean-specs/docbuild/.lake/build/doc/Batteries/Tactic/Alias.html",
     "8448198565110315279"],
    ["/Users/chaitanya/Documents/workers.io/alpenglow-proof/lean-specs/docbuild/.lake/build/doc/LeanSearchClient.html",
     "16338284956018294328"],
    ["/Users/chaitanya/Documents/workers.io/alpenglow-proof/lean-specs/docbuild/.lake/build/doc/Mathlib/Tactic/Linter/Lint.html",
     "16733429743487202854"],
    ["/Users/chaitanya/Documents/workers.io/alpenglow-proof/lean-specs/docbuild/.lake/build/doc/Mathlib/Tactic/ApplyCongr.html",
     "45611413764353204"],
    ["/Users/chaitanya/Documents/workers.io/alpenglow-proof/lean-specs/docbuild/.lake/build/doc/Mathlib/Tactic/ApplyAt.html",
     "16411684772617375413"],
    ["/Users/chaitanya/Documents/workers.io/alpenglow-proof/lean-specs/docbuild/.lake/build/doc/Mathlib/Tactic/ApplyWith.html",
     "10510747100395342933"],
    ["/Users/chaitanya/Documents/workers.io/alpenglow-proof/lean-specs/docbuild/.lake/build/doc/Mathlib/Tactic/Basic.html",
     "13001038041770657320"],
    ["/Users/chaitanya/Documents/workers.io/alpenglow-proof/lean-specs/docbuild/.lake/build/doc/Mathlib/Tactic/ByContra.html",
     "3385673392916724731"],
    ["/Users/chaitanya/Documents/workers.io/alpenglow-proof/lean-specs/docbuild/.lake/build/doc/Mathlib/Tactic/CasesM.html",
     "16081992754121524602"],
    ["/Users/chaitanya/Documents/workers.io/alpenglow-proof/lean-specs/docbuild/.lake/build/doc/Mathlib/Tactic/Check.html",
     "9877638379297191724"],
    ["/Users/chaitanya/Documents/workers.io/alpenglow-proof/lean-specs/docbuild/.lake/build/doc/Mathlib/Tactic/Choose.html",
     "17429242183871146445"],
    ["/Users/chaitanya/Documents/workers.io/alpenglow-proof/lean-specs/docbuild/.lake/build/doc/Mathlib/Tactic/ClearExclamation.html",
     "9032913027062054202"],
    ["/Users/chaitanya/Documents/workers.io/alpenglow-proof/lean-specs/docbuild/.lake/build/doc/Mathlib/Tactic/ClearExcept.html",
     "12017832791543990948"],
    ["/Users/chaitanya/Documents/workers.io/alpenglow-proof/lean-specs/docbuild/.lake/build/doc/Mathlib/Tactic/Clear_.html",
     "16554586205144623900"],
    ["/Users/chaitanya/Documents/workers.io/alpenglow-proof/lean-specs/docbuild/.lake/build/doc/Mathlib/Tactic/Coe.html",
     "3110620167127200285"],
    ["/Users/chaitanya/Documents/workers.io/alpenglow-proof/lean-specs/docbuild/.lake/build/doc/Mathlib/Tactic/CongrExclamation.html",
     "1116157332338624352"],
    ["/Users/chaitanya/Documents/workers.io/alpenglow-proof/lean-specs/docbuild/.lake/build/doc/Mathlib/Tactic/CongrM.html",
     "12823646124239748341"],
    ["/Users/chaitanya/Documents/workers.io/alpenglow-proof/lean-specs/docbuild/.lake/build/doc/Mathlib/Tactic/Constructor.html",
     "14897235219767445129"],
    ["/Users/chaitanya/Documents/workers.io/alpenglow-proof/lean-specs/docbuild/.lake/build/doc/Mathlib/Tactic/Contrapose.html",
     "9782196593239446086"],
    ["/Users/chaitanya/Documents/workers.io/alpenglow-proof/lean-specs/docbuild/.lake/build/doc/Mathlib/Tactic/Conv.html",
     "16309623761234358639"],
    ["/Users/chaitanya/Documents/workers.io/alpenglow-proof/lean-specs/docbuild/.lake/build/doc/Mathlib/Tactic/Convert.html",
     "12244944335400032693"],
    ["/Users/chaitanya/Documents/workers.io/alpenglow-proof/lean-specs/docbuild/.lake/build/doc/Mathlib/Tactic/DefEqTransformations.html",
     "6514429118764414266"],
    ["/Users/chaitanya/Documents/workers.io/alpenglow-proof/lean-specs/docbuild/.lake/build/doc/Mathlib/Tactic/DeprecateTo.html",
     "6090141392767338304"],
    ["/Users/chaitanya/Documents/workers.io/alpenglow-proof/lean-specs/docbuild/.lake/build/doc/Mathlib/Tactic/ErwQuestion.html",
     "3247015129233073899"],
    ["/Users/chaitanya/Documents/workers.io/alpenglow-proof/lean-specs/docbuild/.lake/build/doc/Mathlib/Tactic/Eqns.html",
     "17626990487535542970"],
    ["/Users/chaitanya/Documents/workers.io/alpenglow-proof/lean-specs/docbuild/.lake/build/doc/Mathlib/Tactic/ExistsI.html",
     "8640561845755721334"],
    ["/Users/chaitanya/Documents/workers.io/alpenglow-proof/lean-specs/docbuild/.lake/build/doc/Mathlib/Tactic/ExtractGoal.html",
     "7484838008014770432"],
    ["/Users/chaitanya/Documents/workers.io/alpenglow-proof/lean-specs/docbuild/.lake/build/doc/Mathlib/Tactic/FailIfNoProgress.html",
     "9862710778648797435"],
    ["/Users/chaitanya/Documents/workers.io/alpenglow-proof/lean-specs/docbuild/.lake/build/doc/Mathlib/Tactic/Find.html",
     "13387287218159383803"],
    ["/Users/chaitanya/Documents/workers.io/alpenglow-proof/lean-specs/docbuild/.lake/build/doc/Mathlib/Tactic/FunProp.html",
     "1348736721903637791"],
    ["/Users/chaitanya/Documents/workers.io/alpenglow-proof/lean-specs/docbuild/.lake/build/doc/Mathlib/Tactic/GCongr.html",
     "17532163189741901519"],
    ["/Users/chaitanya/Documents/workers.io/alpenglow-proof/lean-specs/docbuild/.lake/build/doc/Mathlib/Tactic/GRewrite.html",
     "11575960395117251613"],
    ["/Users/chaitanya/Documents/workers.io/alpenglow-proof/lean-specs/docbuild/.lake/build/doc/Mathlib/Tactic/GeneralizeProofs.html",
     "2841566087373356576"],
    ["/Users/chaitanya/Documents/workers.io/alpenglow-proof/lean-specs/docbuild/.lake/build/doc/Mathlib/Tactic/GuardGoalNums.html",
     "9350623582080167613"],
    ["/Users/chaitanya/Documents/workers.io/alpenglow-proof/lean-specs/docbuild/.lake/build/doc/Mathlib/Tactic/GuardHypNums.html",
     "1738165570695114258"],
    ["/Users/chaitanya/Documents/workers.io/alpenglow-proof/lean-specs/docbuild/.lake/build/doc/Mathlib/Tactic/HigherOrder.html",
     "15312786473169298094"],
    ["/Users/chaitanya/Documents/workers.io/alpenglow-proof/lean-specs/docbuild/.lake/build/doc/Mathlib/Tactic/Hint.html",
     "13416452317722965914"],
    ["/Users/chaitanya/Documents/workers.io/alpenglow-proof/lean-specs/docbuild/.lake/build/doc/Mathlib/Tactic/InferParam.html",
     "17563314178487348645"],
    ["/Users/chaitanya/Documents/workers.io/alpenglow-proof/lean-specs/docbuild/.lake/build/doc/Mathlib/Tactic/Inhabit.html",
     "5513273811146304645"],
    ["/Users/chaitanya/Documents/workers.io/alpenglow-proof/lean-specs/docbuild/.lake/build/doc/Mathlib/Tactic/IrreducibleDef.html",
     "8545308221983466081"],
    ["/Users/chaitanya/Documents/workers.io/alpenglow-proof/lean-specs/docbuild/.lake/build/doc/Mathlib/Tactic/Lift.html",
     "1140103164244410136"],
    ["/Users/chaitanya/Documents/workers.io/alpenglow-proof/lean-specs/docbuild/.lake/build/doc/Mathlib/Tactic/Linter.html",
     "17884167168217890790"],
    ["/Users/chaitanya/Documents/workers.io/alpenglow-proof/lean-specs/docbuild/.lake/build/doc/Mathlib/Tactic/MkIffOfInductiveProp.html",
     "15600950120768077114"],
    ["/Users/chaitanya/Documents/workers.io/alpenglow-proof/lean-specs/docbuild/.lake/build/doc/Mathlib/Tactic/NthRewrite.html",
     "918937774067351643"],
    ["/Users/chaitanya/Documents/workers.io/alpenglow-proof/lean-specs/docbuild/.lake/build/doc/Mathlib/Tactic/Observe.html",
     "7283884482974022177"],
    ["/Users/chaitanya/Documents/workers.io/alpenglow-proof/lean-specs/docbuild/.lake/build/doc/Mathlib/Tactic/OfNat.html",
     "12923534362381020899"],
    ["/Users/chaitanya/Documents/workers.io/alpenglow-proof/lean-specs/docbuild/.lake/build/doc/Mathlib/Tactic/Propose.html",
     "5409735112252724405"],
    ["/Users/chaitanya/Documents/workers.io/alpenglow-proof/lean-specs/docbuild/.lake/build/doc/Mathlib/Tactic/Push.html",
     "13177803088949692362"],
    ["/Users/chaitanya/Documents/workers.io/alpenglow-proof/lean-specs/docbuild/.lake/build/doc/Mathlib/Tactic/RSuffices.html",
     "2799902797637273476"],
    ["/Users/chaitanya/Documents/workers.io/alpenglow-proof/lean-specs/docbuild/.lake/build/doc/Mathlib/Tactic/Recover.html",
     "10490508091895264494"],
    ["/Users/chaitanya/Documents/workers.io/alpenglow-proof/lean-specs/docbuild/.lake/build/doc/Mathlib/Tactic/Relation/Rfl.html",
     "525003964563313083"],
    ["/Users/chaitanya/Documents/workers.io/alpenglow-proof/lean-specs/docbuild/.lake/build/doc/Mathlib/Tactic/Rename.html",
     "14399950112124010389"],
    ["/Users/chaitanya/Documents/workers.io/alpenglow-proof/lean-specs/docbuild/.lake/build/doc/Mathlib/Tactic/RenameBVar.html",
     "5045059387446915472"],
    ["/Users/chaitanya/Documents/workers.io/alpenglow-proof/lean-specs/docbuild/.lake/build/doc/Mathlib/Tactic/Says.html",
     "5245898397841885420"],
    ["/Users/chaitanya/Documents/workers.io/alpenglow-proof/lean-specs/docbuild/.lake/build/doc/Mathlib/Tactic/ScopedNS.html",
     "14456467415036989221"],
    ["/Users/chaitanya/Documents/workers.io/alpenglow-proof/lean-specs/docbuild/.lake/build/doc/Mathlib/Tactic/Set.html",
     "15682725294488399512"],
    ["/Users/chaitanya/Documents/workers.io/alpenglow-proof/lean-specs/docbuild/.lake/build/doc/Mathlib/Tactic/SimpIntro.html",
     "16947251136095839712"],
    ["/Users/chaitanya/Documents/workers.io/alpenglow-proof/lean-specs/docbuild/.lake/build/doc/Mathlib/Tactic/SimpRw.html",
     "11427165093689661969"],
    ["/Users/chaitanya/Documents/workers.io/alpenglow-proof/lean-specs/docbuild/.lake/build/doc/Mathlib/Tactic/Simps/Basic.html",
     "5279864985959582925"],
    ["/Users/chaitanya/Documents/workers.io/alpenglow-proof/lean-specs/docbuild/.lake/build/doc/Mathlib/Tactic/SplitIfs.html",
     "1122593939482547766"],
    ["/Users/chaitanya/Documents/workers.io/alpenglow-proof/lean-specs/docbuild/.lake/build/doc/Mathlib/Tactic/Spread.html",
     "14532852538645137187"],
    ["/Users/chaitanya/Documents/workers.io/alpenglow-proof/lean-specs/docbuild/.lake/build/doc/Mathlib/Tactic/Subsingleton.html",
     "15406321009145589642"],
    ["/Users/chaitanya/Documents/workers.io/alpenglow-proof/lean-specs/docbuild/.lake/build/doc/Mathlib/Tactic/Substs.html",
     "602992597443938621"],
    ["/Users/chaitanya/Documents/workers.io/alpenglow-proof/lean-specs/docbuild/.lake/build/doc/Mathlib/Tactic/SuccessIfFailWithMsg.html",
     "11139174910775395525"],
    ["/Users/chaitanya/Documents/workers.io/alpenglow-proof/lean-specs/docbuild/.lake/build/doc/Mathlib/Tactic/SudoSetOption.html",
     "7920464389318889321"],
    ["/Users/chaitanya/Documents/workers.io/alpenglow-proof/lean-specs/docbuild/.lake/build/doc/Mathlib/Tactic/SwapVar.html",
     "6218011671978598454"],
    ["/Users/chaitanya/Documents/workers.io/alpenglow-proof/lean-specs/docbuild/.lake/build/doc/Mathlib/Tactic/Tauto.html",
     "12444561193678749455"],
    ["/Users/chaitanya/Documents/workers.io/alpenglow-proof/lean-specs/docbuild/.lake/build/doc/Mathlib/Tactic/TermCongr.html",
     "8076222021211542795"],
    ["/Users/chaitanya/Documents/workers.io/alpenglow-proof/lean-specs/docbuild/.lake/build/doc/Mathlib/Tactic/ToExpr.html",
     "12104965651496539172"],
    ["/Users/chaitanya/Documents/workers.io/alpenglow-proof/lean-specs/docbuild/.lake/build/doc/Mathlib/Tactic/ToLevel.html",
     "571181564010118722"],
    ["/Users/chaitanya/Documents/workers.io/alpenglow-proof/lean-specs/docbuild/.lake/build/doc/Mathlib/Tactic/Trace.html",
     "2745654459913769881"],
    ["/Users/chaitanya/Documents/workers.io/alpenglow-proof/lean-specs/docbuild/.lake/build/doc/Mathlib/Tactic/TypeCheck.html",
     "14198738802201761820"],
    ["/Users/chaitanya/Documents/workers.io/alpenglow-proof/lean-specs/docbuild/.lake/build/doc/Mathlib/Tactic/UnsetOption.html",
     "5583639560864437488"],
    ["/Users/chaitanya/Documents/workers.io/alpenglow-proof/lean-specs/docbuild/.lake/build/doc/Mathlib/Tactic/Use.html",
     "11921781095580786709"],
    ["/Users/chaitanya/Documents/workers.io/alpenglow-proof/lean-specs/docbuild/.lake/build/doc/Mathlib/Tactic/Variable.html",
     "5740962062296232522"],
    ["/Users/chaitanya/Documents/workers.io/alpenglow-proof/lean-specs/docbuild/.lake/build/doc/Mathlib/Tactic/Widget/Calc.html",
     "4409668281282921393"],
    ["/Users/chaitanya/Documents/workers.io/alpenglow-proof/lean-specs/docbuild/.lake/build/doc/Mathlib/Tactic/Widget/CongrM.html",
     "14809027361112235848"],
    ["/Users/chaitanya/Documents/workers.io/alpenglow-proof/lean-specs/docbuild/.lake/build/doc/Mathlib/Tactic/Widget/Conv.html",
     "884588592443474245"],
    ["/Users/chaitanya/Documents/workers.io/alpenglow-proof/lean-specs/docbuild/.lake/build/doc/Mathlib/Tactic/Widget/LibraryRewrite.html",
     "1512120999430891878"],
    ["/Users/chaitanya/Documents/workers.io/alpenglow-proof/lean-specs/docbuild/.lake/build/doc/Mathlib/Tactic/WLOG.html",
     "16295266971923375949"],
    ["/Users/chaitanya/Documents/workers.io/alpenglow-proof/lean-specs/docbuild/.lake/build/doc/Mathlib/Util/AssertExists.html",
     "759970928416674370"],
    ["/Users/chaitanya/Documents/workers.io/alpenglow-proof/lean-specs/docbuild/.lake/build/doc/Mathlib/Util/CountHeartbeats.html",
     "16215271402482744599"],
    ["/Users/chaitanya/Documents/workers.io/alpenglow-proof/lean-specs/docbuild/.lake/build/doc/Mathlib/Util/PrintSorries.html",
     "11027394571726596558"],
    ["/Users/chaitanya/Documents/workers.io/alpenglow-proof/lean-specs/docbuild/.lake/build/doc/Mathlib/Util/TransImports.html",
     "2553743408197228957"],
    ["/Users/chaitanya/Documents/workers.io/alpenglow-proof/lean-specs/docbuild/.lake/build/doc/Mathlib/Util/WhatsNew.html",
     "4959954328990142742"]]],
  ["/Users/chaitanya/Documents/workers.io/alpenglow-proof/lean-specs/docbuild/.lake/build/doc-data/references.json",
   "11893762902049086281"],
  ["/Users/chaitanya/Documents/workers.io/alpenglow-proof/lean-specs/.lake/packages/doc-gen4/.lake/build/bin/doc-gen4",
   "14530417092425997119"],
  ["Mathlib.Tactic.Common:leanArts", "898637708704482717"]],
 "depHash": "11631675869595683311"}