{"synthetic": false,
 "outputs": null,
 "log":
 [{"message":
   ".> ELAN=elan ELAN_HOME=/Users/chaitanya/.elan ELAN_TOOLCHAIN=leanprover/lean4:v4.24.0 LAKE=/Users/chaitanya/.elan/toolchains/leanprover--lean4---v4.24.0/bin/lake LAKE_HOME=/Users/chaitanya/.elan/toolchains/leanprover--lean4---v4.24.0 LAKE_PKG_URL_MAP={} LAKE_NO_CACHE=false LAKE_ARTIFACT_CACHE=false LAKE_CACHE_DIR=/Users/chaitanya/.elan/toolchains/leanprover--lean4---v4.24.0/lake/cache LEAN=/Users/chaitanya/.elan/toolchains/leanprover--lean4---v4.24.0/bin/lean LEAN_SYSROOT=/Users/chaitanya/.elan/toolchains/leanprover--lean4---v4.24.0 LEAN_AR=/Users/chaitanya/.elan/toolchains/leanprover--lean4---v4.24.0/bin/llvm-ar LEAN_CC= LEAN_PATH=/Users/chaitanya/Documents/workers.io/alpenglow-proof/lean-specs/.lake/packages/batteries/.lake/build/lib/lean:/Users/chaitanya/Documents/workers.io/alpenglow-proof/lean-specs/.lake/packages/Qq/.lake/build/lib/lean:/Users/chaitanya/Documents/workers.io/alpenglow-proof/lean-specs/.lake/packages/aesop/.lake/build/lib/lean:/Users/chaitanya/Documents/workers.io/alpenglow-proof/lean-specs/.lake/packages/proofwidgets/.lake/build/lib/lean:/Users/chaitanya/Documents/workers.io/alpenglow-proof/lean-specs/.lake/packages/importGraph/.lake/build/lib/lean:/Users/chaitanya/Documents/workers.io/alpenglow-proof/lean-specs/.lake/packages/LeanSearchClient/.lake/build/lib/lean:/Users/chaitanya/Documents/workers.io/alpenglow-proof/lean-specs/.lake/packages/plausible/.lake/build/lib/lean:/Users/chaitanya/Documents/workers.io/alpenglow-proof/lean-specs/.lake/packages/mathlib/.lake/build/lib/lean:/Users/chaitanya/Documents/workers.io/alpenglow-proof/lean-specs/.lake/packages/MD4Lean/.lake/build/lib/lean:/Users/chaitanya/Documents/workers.io/alpenglow-proof/lean-specs/.lake/packages/BibtexQuery/.lake/build/lib/lean:/Users/chaitanya/Documents/workers.io/alpenglow-proof/lean-specs/.lake/packages/UnicodeBasic/.lake/build/lib/lean:/Users/chaitanya/Documents/workers.io/alpenglow-proof/lean-specs/.lake/packages/Cli/.lake/build/lib/lean:/Users/chaitanya/Documents/workers.io/alpenglow-proof/lean-specs/.lake/build/lib/lean:/Users/chaitanya/Documents/workers.io/alpenglow-proof/lean-specs/.lake/packages/doc-gen4/.lake/build/lib/lean:/Users/chaitanya/Documents/workers.io/alpenglow-proof/lean-specs/docbuild/.lake/build/lib/lean:/Users/chaitanya/.elan/toolchains/leanprover--lean4---v4.24.0/lib/lean LEAN_SRC_PATH=/Users/chaitanya/Documents/workers.io/alpenglow-proof/lean-specs/.lake/packages/batteries:/Users/chaitanya/Documents/workers.io/alpenglow-proof/lean-specs/.lake/packages/batteries:/Users/chaitanya/Documents/workers.io/alpenglow-proof/lean-specs/.lake/packages/Qq:/Users/chaitanya/Documents/workers.io/alpenglow-proof/lean-specs/.lake/packages/Qq:/Users/chaitanya/Documents/workers.io/alpenglow-proof/lean-specs/.lake/packages/aesop:/Users/chaitanya/Documents/workers.io/alpenglow-proof/lean-specs/.lake/packages/aesop:/Users/chaitanya/Documents/workers.io/alpenglow-proof/lean-specs/.lake/packages/proofwidgets:/Users/chaitanya/Documents/workers.io/alpenglow-proof/lean-specs/.lake/packages/proofwidgets:/Users/chaitanya/Documents/workers.io/alpenglow-proof/lean-specs/.lake/packages/importGraph:/Users/chaitanya/Documents/workers.io/alpenglow-proof/lean-specs/.lake/packages/importGraph:/Users/chaitanya/Documents/workers.io/alpenglow-proof/lean-specs/.lake/packages/LeanSearchClient:/Users/chaitanya/Documents/workers.io/alpenglow-proof/lean-specs/.lake/packages/LeanSearchClient:/Users/chaitanya/Documents/workers.io/alpenglow-proof/lean-specs/.lake/packages/plausible:/Users/chaitanya/Documents/workers.io/alpenglow-proof/lean-specs/.lake/packages/plausible:/Users/chaitanya/Documents/workers.io/alpenglow-proof/lean-specs/.lake/packages/mathlib:/Users/chaitanya/Documents/workers.io/alpenglow-proof/lean-specs/.lake/packages/mathlib:/Users/chaitanya/Documents/workers.io/alpenglow-proof/lean-specs/.lake/packages/mathlib:/Users/chaitanya/Documents/workers.io/alpenglow-proof/lean-specs/.lake/packages/mathlib:/Users/chaitanya/Documents/workers.io/alpenglow-proof/lean-specs/.lake/packages/mathlib:/Users/chaitanya/Documents/workers.io/alpenglow-proof/lean-specs/.lake/packages/mathlib:/Users/chaitanya/Documents/workers.io/alpenglow-proof/lean-specs/.lake/packages/mathlib:/Users/chaitanya/Documents/workers.io/alpenglow-proof/lean-specs/.lake/packages/MD4Lean:/Users/chaitanya/Documents/workers.io/alpenglow-proof/lean-specs/.lake/packages/MD4Lean:/Users/chaitanya/Documents/workers.io/alpenglow-proof/lean-specs/.lake/packages/BibtexQuery:/Users/chaitanya/Documents/workers.io/alpenglow-proof/lean-specs/.lake/packages/UnicodeBasic:/Users/chaitanya/Documents/workers.io/alpenglow-proof/lean-specs/.lake/packages/UnicodeBasic:/Users/chaitanya/Documents/workers.io/alpenglow-proof/lean-specs/.lake/packages/Cli:/Users/chaitanya/Documents/workers.io/alpenglow-proof/lean-specs/.lake/packages/Cli:/Users/chaitanya/Documents/workers.io/alpenglow-proof/lean-specs:/Users/chaitanya/Documents/workers.io/alpenglow-proof/lean-specs:/Users/chaitanya/Documents/workers.io/alpenglow-proof/lean-specs:/Users/chaitanya/Documents/workers.io/alpenglow-proof/lean-specs:/Users/chaitanya/Documents/workers.io/alpenglow-proof/lean-specs:/Users/chaitanya/Documents/workers.io/alpenglow-proof/lean-specs:/Users/chaitanya/Documents/workers.io/alpenglow-proof/lean-specs:/Users/chaitanya/Documents/workers.io/alpenglow-proof/lean-specs:/Users/chaitanya/Documents/workers.io/alpenglow-proof/lean-specs:/Users/chaitanya/Documents/workers.io/alpenglow-proof/lean-specs:/Users/chaitanya/Documents/workers.io/alpenglow-proof/lean-specs:/Users/chaitanya/Documents/workers.io/alpenglow-proof/lean-specs:/Users/chaitanya/Documents/workers.io/alpenglow-proof/lean-specs:/Users/chaitanya/Documents/workers.io/alpenglow-proof/lean-specs:/Users/chaitanya/Documents/workers.io/alpenglow-proof/lean-specs:/Users/chaitanya/Documents/workers.io/alpenglow-proof/lean-specs:/Users/chaitanya/Documents/workers.io/alpenglow-proof/lean-specs:/Users/chaitanya/Documents/workers.io/alpenglow-proof/lean-specs:/Users/chaitanya/Documents/workers.io/alpenglow-proof/lean-specs:/Users/chaitanya/Documents/workers.io/alpenglow-proof/lean-specs:/Users/chaitanya/Documents/workers.io/alpenglow-proof/lean-specs:/Users/chaitanya/Documents/workers.io/alpenglow-proof/lean-specs:/Users/chaitanya/Documents/workers.io/alpenglow-proof/lean-specs:/Users/chaitanya/Documents/workers.io/alpenglow-proof/lean-specs:/Users/chaitanya/Documents/workers.io/alpenglow-proof/lean-specs:/Users/chaitanya/Documents/workers.io/alpenglow-proof/lean-specs:/Users/chaitanya/Documents/workers.io/alpenglow-proof/lean-specs:/Users/chaitanya/Documents/workers.io/alpenglow-proof/lean-specs:/Users/chaitanya/Documents/workers.io/alpenglow-proof/lean-specs:/Users/chaitanya/Documents/workers.io/alpenglow-proof/lean-specs:/Users/chaitanya/Documents/workers.io/alpenglow-proof/lean-specs:/Users/chaitanya/Documents/workers.io/alpenglow-proof/lean-specs:/Users/chaitanya/Documents/workers.io/alpenglow-proof/lean-specs/.lake/packages/doc-gen4:/Users/chaitanya/.elan/toolchains/leanprover--lean4---v4.24.0/src/lean/lake LEAN_GITHASH=797c613eb9b6d4ec95db23e3e00af9ac6657f24b PATH DYLD_LIBRARY_PATH=/Users/chaitanya/.elan/toolchains/leanprover--lean4---v4.24.0/lib/lean:/Users/chaitanya/.elan/toolchains/leanprover--lean4---v4.24.0/lib:/Users/chaitanya/Documents/workers.io/alpenglow-proof/lean-specs/docbuild/.lake/build/lib:/Users/chaitanya/Documents/workers.io/alpenglow-proof/lean-specs/.lake/packages/doc-gen4/.lake/build/lib:/Users/chaitanya/Documents/workers.io/alpenglow-proof/lean-specs/.lake/build/lib:/Users/chaitanya/Documents/workers.io/alpenglow-proof/lean-specs/.lake/packages/Cli/.lake/build/lib:/Users/chaitanya/Documents/workers.io/alpenglow-proof/lean-specs/.lake/packages/UnicodeBasic/.lake/build/lib:/Users/chaitanya/Documents/workers.io/alpenglow-proof/lean-specs/.lake/packages/BibtexQuery/.lake/build/lib:/Users/chaitanya/Documents/workers.io/alpenglow-proof/lean-specs/.lake/packages/MD4Lean/.lake/build/lib:/Users/chaitanya/Documents/workers.io/alpenglow-proof/lean-specs/.lake/packages/mathlib/.lake/build/lib:/Users/chaitanya/Documents/workers.io/alpenglow-proof/lean-specs/.lake/packages/plausible/.lake/build/lib:/Users/chaitanya/Documents/workers.io/alpenglow-proof/lean-specs/.lake/packages/LeanSearchClient/.lake/build/lib:/Users/chaitanya/Documents/workers.io/alpenglow-proof/lean-specs/.lake/packages/importGraph/.lake/build/lib:/Users/chaitanya/Documents/workers.io/alpenglow-proof/lean-specs/.lake/packages/proofwidgets/.lake/build/lib:/Users/chaitanya/Documents/workers.io/alpenglow-proof/lean-specs/.lake/packages/aesop/.lake/build/lib:/Users/chaitanya/Documents/workers.io/alpenglow-proof/lean-specs/.lake/packages/Qq/.lake/build/lib:/Users/chaitanya/Documents/workers.io/alpenglow-proof/lean-specs/.lake/packages/batteries/.lake/build/lib /Users/chaitanya/Documents/workers.io/alpenglow-proof/lean-specs/.lake/packages/doc-gen4/.lake/build/bin/doc-gen4 single --build /Users/chaitanya/Documents/workers.io/alpenglow-proof/lean-specs/docbuild/.lake/build Mathlib.GroupTheory.Perm.Sign https://github.com/leanprover-community/mathlib4/blob/6b1d0f08cb89b784bfb1bb9cabf8016cc8059f07/Mathlib/GroupTheory/Perm/Sign.lean",
   "level": "trace"}],
 "inputs":
 [["<collection>",
   [["/Users/chaitanya/Documents/workers.io/alpenglow-proof/lean-specs/docbuild/.lake/build/doc/Mathlib/Algebra/Group/Conj.html",
     "10559266531970683124"],
    ["/Users/chaitanya/Documents/workers.io/alpenglow-proof/lean-specs/docbuild/.lake/build/doc/Mathlib/Algebra/Group/Subgroup/Lattice.html",
     "2596048310918452001"],
    ["/Users/chaitanya/Documents/workers.io/alpenglow-proof/lean-specs/docbuild/.lake/build/doc/Mathlib/Algebra/Group/Submonoid/BigOperators.html",
     "13340940250636055228"],
    ["/Users/chaitanya/Documents/workers.io/alpenglow-proof/lean-specs/docbuild/.lake/build/doc/Mathlib/Data/Finset/Fin.html",
     "4397549809809354996"],
    ["/Users/chaitanya/Documents/workers.io/alpenglow-proof/lean-specs/docbuild/.lake/build/doc/Mathlib/Data/Finset/Sort.html",
     "16157330135950883582"],
    ["/Users/chaitanya/Documents/workers.io/alpenglow-proof/lean-specs/docbuild/.lake/build/doc/Mathlib/Data/Fintype/Perm.html",
     "6557410048625442089"],
    ["/Users/chaitanya/Documents/workers.io/alpenglow-proof/lean-specs/docbuild/.lake/build/doc/Mathlib/Data/Fintype/Prod.html",
     "2416534519049032029"],
    ["/Users/chaitanya/Documents/workers.io/alpenglow-proof/lean-specs/docbuild/.lake/build/doc/Mathlib/Data/Fintype/Sum.html",
     "9445250212016062433"],
    ["/Users/chaitanya/Documents/workers.io/alpenglow-proof/lean-specs/docbuild/.lake/build/doc/Mathlib/Data/Int/Order/Units.html",
     "5517662933903526293"],
    ["/Users/chaitanya/Documents/workers.io/alpenglow-proof/lean-specs/docbuild/.lake/build/doc/Mathlib/GroupTheory/Perm/Support.html",
     "16294114519868084425"],
    ["/Users/chaitanya/Documents/workers.io/alpenglow-proof/lean-specs/docbuild/.lake/build/doc/Mathlib/Logic/Equiv/Fintype.html",
     "4232348671899934913"],
    ["/Users/chaitanya/Documents/workers.io/alpenglow-proof/lean-specs/docbuild/.lake/build/doc/Mathlib/Tactic/NormNum/Ineq.html",
     "471835145300260591"],
    ["/Users/chaitanya/Documents/workers.io/alpenglow-proof/lean-specs/docbuild/.lake/build/doc/Mathlib/Data/Finset/Sigma.html",
     "2844980416793900630"]]],
  ["/Users/chaitanya/Documents/workers.io/alpenglow-proof/lean-specs/docbuild/.lake/build/doc-data/references.json",
   "11893762902049086281"],
  ["/Users/chaitanya/Documents/workers.io/alpenglow-proof/lean-specs/.lake/packages/doc-gen4/.lake/build/bin/doc-gen4",
   "14530417092425997119"],
  ["Mathlib.GroupTheory.Perm.Sign:leanArts", "11325504377075352332"]],
 "depHash": "6980948345106073524"}