{"synthetic": false,
 "outputs": null,
 "log":
 [{"message":
   ".> ELAN=elan ELAN_HOME=/Users/chaitanya/.elan ELAN_TOOLCHAIN=leanprover/lean4:v4.24.0 LAKE=/Users/chaitanya/.elan/toolchains/leanprover--lean4---v4.24.0/bin/lake LAKE_HOME=/Users/chaitanya/.elan/toolchains/leanprover--lean4---v4.24.0 LAKE_PKG_URL_MAP={} LAKE_NO_CACHE=false LAKE_ARTIFACT_CACHE=false LAKE_CACHE_DIR=/Users/chaitanya/.elan/toolchains/leanprover--lean4---v4.24.0/lake/cache LEAN=/Users/chaitanya/.elan/toolchains/leanprover--lean4---v4.24.0/bin/lean LEAN_SYSROOT=/Users/chaitanya/.elan/toolchains/leanprover--lean4---v4.24.0 LEAN_AR=/Users/chaitanya/.elan/toolchains/leanprover--lean4---v4.24.0/bin/llvm-ar LEAN_CC= LEAN_PATH=/Users/chaitanya/Documents/workers.io/alpenglow-proof/lean-specs/.lake/packages/batteries/.lake/build/lib/lean:/Users/chaitanya/Documents/workers.io/alpenglow-proof/lean-specs/.lake/packages/Qq/.lake/build/lib/lean:/Users/chaitanya/Documents/workers.io/alpenglow-proof/lean-specs/.lake/packages/aesop/.lake/build/lib/lean:/Users/chaitanya/Documents/workers.io/alpenglow-proof/lean-specs/.lake/packages/proofwidgets/.lake/build/lib/lean:/Users/chaitanya/Documents/workers.io/alpenglow-proof/lean-specs/.lake/packages/importGraph/.lake/build/lib/lean:/Users/chaitanya/Documents/workers.io/alpenglow-proof/lean-specs/.lake/packages/LeanSearchClient/.lake/build/lib/lean:/Users/chaitanya/Documents/workers.io/alpenglow-proof/lean-specs/.lake/packages/plausible/.lake/build/lib/lean:/Users/chaitanya/Documents/workers.io/alpenglow-proof/lean-specs/.lake/packages/mathlib/.lake/build/lib/lean:/Users/chaitanya/Documents/workers.io/alpenglow-proof/lean-specs/.lake/packages/MD4Lean/.lake/build/lib/lean:/Users/chaitanya/Documents/workers.io/alpenglow-proof/lean-specs/.lake/packages/BibtexQuery/.lake/build/lib/lean:/Users/chaitanya/Documents/workers.io/alpenglow-proof/lean-specs/.lake/packages/UnicodeBasic/.lake/build/lib/lean:/Users/chaitanya/Documents/workers.io/alpenglow-proof/lean-specs/.lake/packages/Cli/.lake/build/lib/lean:/Users/chaitanya/Documents/workers.io/alpenglow-proof/lean-specs/.lake/build/lib/lean:/Users/chaitanya/Documents/workers.io/alpenglow-proof/lean-specs/.lake/packages/doc-gen4/.lake/build/lib/lean:/Users/chaitanya/Documents/workers.io/alpenglow-proof/lean-specs/docbuild/.lake/build/lib/lean:/Users/chaitanya/.elan/toolchains/leanprover--lean4---v4.24.0/lib/lean LEAN_SRC_PATH=/Users/chaitanya/Documents/workers.io/alpenglow-proof/lean-specs/.lake/packages/batteries:/Users/chaitanya/Documents/workers.io/alpenglow-proof/lean-specs/.lake/packages/batteries:/Users/chaitanya/Documents/workers.io/alpenglow-proof/lean-specs/.lake/packages/Qq:/Users/chaitanya/Documents/workers.io/alpenglow-proof/lean-specs/.lake/packages/Qq:/Users/chaitanya/Documents/workers.io/alpenglow-proof/lean-specs/.lake/packages/aesop:/Users/chaitanya/Documents/workers.io/alpenglow-proof/lean-specs/.lake/packages/aesop:/Users/chaitanya/Documents/workers.io/alpenglow-proof/lean-specs/.lake/packages/proofwidgets:/Users/chaitanya/Documents/workers.io/alpenglow-proof/lean-specs/.lake/packages/proofwidgets:/Users/chaitanya/Documents/workers.io/alpenglow-proof/lean-specs/.lake/packages/importGraph:/Users/chaitanya/Documents/workers.io/alpenglow-proof/lean-specs/.lake/packages/importGraph:/Users/chaitanya/Documents/workers.io/alpenglow-proof/lean-specs/.lake/packages/LeanSearchClient:/Users/chaitanya/Documents/workers.io/alpenglow-proof/lean-specs/.lake/packages/LeanSearchClient:/Users/chaitanya/Documents/workers.io/alpenglow-proof/lean-specs/.lake/packages/plausible:/Users/chaitanya/Documents/workers.io/alpenglow-proof/lean-specs/.lake/packages/plausible:/Users/chaitanya/Documents/workers.io/alpenglow-proof/lean-specs/.lake/packages/mathlib:/Users/chaitanya/Documents/workers.io/alpenglow-proof/lean-specs/.lake/packages/mathlib:/Users/chaitanya/Documents/workers.io/alpenglow-proof/lean-specs/.lake/packages/mathlib:/Users/chaitanya/Documents/workers.io/alpenglow-proof/lean-specs/.lake/packages/mathlib:/Users/chaitanya/Documents/workers.io/alpenglow-proof/lean-specs/.lake/packages/mathlib:/Users/chaitanya/Documents/workers.io/alpenglow-proof/lean-specs/.lake/packages/mathlib:/Users/chaitanya/Documents/workers.io/alpenglow-proof/lean-specs/.lake/packages/mathlib:/Users/chaitanya/Documents/workers.io/alpenglow-proof/lean-specs/.lake/packages/MD4Lean:/Users/chaitanya/Documents/workers.io/alpenglow-proof/lean-specs/.lake/packages/MD4Lean:/Users/chaitanya/Documents/workers.io/alpenglow-proof/lean-specs/.lake/packages/BibtexQuery:/Users/chaitanya/Documents/workers.io/alpenglow-proof/lean-specs/.lake/packages/UnicodeBasic:/Users/chaitanya/Documents/workers.io/alpenglow-proof/lean-specs/.lake/packages/UnicodeBasic:/Users/chaitanya/Documents/workers.io/alpenglow-proof/lean-specs/.lake/packages/Cli:/Users/chaitanya/Documents/workers.io/alpenglow-proof/lean-specs/.lake/packages/Cli:/Users/chaitanya/Documents/workers.io/alpenglow-proof/lean-specs:/Users/chaitanya/Documents/workers.io/alpenglow-proof/lean-specs:/Users/chaitanya/Documents/workers.io/alpenglow-proof/lean-specs:/Users/chaitanya/Documents/workers.io/alpenglow-proof/lean-specs:/Users/chaitanya/Documents/workers.io/alpenglow-proof/lean-specs:/Users/chaitanya/Documents/workers.io/alpenglow-proof/lean-specs:/Users/chaitanya/Documents/workers.io/alpenglow-proof/lean-specs:/Users/chaitanya/Documents/workers.io/alpenglow-proof/lean-specs:/Users/chaitanya/Documents/workers.io/alpenglow-proof/lean-specs:/Users/chaitanya/Documents/workers.io/alpenglow-proof/lean-specs:/Users/chaitanya/Documents/workers.io/alpenglow-proof/lean-specs:/Users/chaitanya/Documents/workers.io/alpenglow-proof/lean-specs:/Users/chaitanya/Documents/workers.io/alpenglow-proof/lean-specs:/Users/chaitanya/Documents/workers.io/alpenglow-proof/lean-specs:/Users/chaitanya/Documents/workers.io/alpenglow-proof/lean-specs:/Users/chaitanya/Documents/workers.io/alpenglow-proof/lean-specs:/Users/chaitanya/Documents/workers.io/alpenglow-proof/lean-specs:/Users/chaitanya/Documents/workers.io/alpenglow-proof/lean-specs:/Users/chaitanya/Documents/workers.io/alpenglow-proof/lean-specs:/Users/chaitanya/Documents/workers.io/alpenglow-proof/lean-specs:/Users/chaitanya/Documents/workers.io/alpenglow-proof/lean-specs:/Users/chaitanya/Documents/workers.io/alpenglow-proof/lean-specs:/Users/chaitanya/Documents/workers.io/alpenglow-proof/lean-specs:/Users/chaitanya/Documents/workers.io/alpenglow-proof/lean-specs:/Users/chaitanya/Documents/workers.io/alpenglow-proof/lean-specs:/Users/chaitanya/Documents/workers.io/alpenglow-proof/lean-specs:/Users/chaitanya/Documents/workers.io/alpenglow-proof/lean-specs:/Users/chaitanya/Documents/workers.io/alpenglow-proof/lean-specs:/Users/chaitanya/Documents/workers.io/alpenglow-proof/lean-specs:/Users/chaitanya/Documents/workers.io/alpenglow-proof/lean-specs:/Users/chaitanya/Documents/workers.io/alpenglow-proof/lean-specs:/Users/chaitanya/Documents/workers.io/alpenglow-proof/lean-specs:/Users/chaitanya/Documents/workers.io/alpenglow-proof/lean-specs/.lake/packages/doc-gen4:/Users/chaitanya/.elan/toolchains/leanprover--lean4---v4.24.0/src/lean/lake LEAN_GITHASH=797c613eb9b6d4ec95db23e3e00af9ac6657f24b PATH DYLD_LIBRARY_PATH=/Users/chaitanya/.elan/toolchains/leanprover--lean4---v4.24.0/lib/lean:/Users/chaitanya/.elan/toolchains/leanprover--lean4---v4.24.0/lib:/Users/chaitanya/Documents/workers.io/alpenglow-proof/lean-specs/docbuild/.lake/build/lib:/Users/chaitanya/Documents/workers.io/alpenglow-proof/lean-specs/.lake/packages/doc-gen4/.lake/build/lib:/Users/chaitanya/Documents/workers.io/alpenglow-proof/lean-specs/.lake/build/lib:/Users/chaitanya/Documents/workers.io/alpenglow-proof/lean-specs/.lake/packages/Cli/.lake/build/lib:/Users/chaitanya/Documents/workers.io/alpenglow-proof/lean-specs/.lake/packages/UnicodeBasic/.lake/build/lib:/Users/chaitanya/Documents/workers.io/alpenglow-proof/lean-specs/.lake/packages/BibtexQuery/.lake/build/lib:/Users/chaitanya/Documents/workers.io/alpenglow-proof/lean-specs/.lake/packages/MD4Lean/.lake/build/lib:/Users/chaitanya/Documents/workers.io/alpenglow-proof/lean-specs/.lake/packages/mathlib/.lake/build/lib:/Users/chaitanya/Documents/workers.io/alpenglow-proof/lean-specs/.lake/packages/plausible/.lake/build/lib:/Users/chaitanya/Documents/workers.io/alpenglow-proof/lean-specs/.lake/packages/LeanSearchClient/.lake/build/lib:/Users/chaitanya/Documents/workers.io/alpenglow-proof/lean-specs/.lake/packages/importGraph/.lake/build/lib:/Users/chaitanya/Documents/workers.io/alpenglow-proof/lean-specs/.lake/packages/proofwidgets/.lake/build/lib:/Users/chaitanya/Documents/workers.io/alpenglow-proof/lean-specs/.lake/packages/aesop/.lake/build/lib:/Users/chaitanya/Documents/workers.io/alpenglow-proof/lean-specs/.lake/packages/Qq/.lake/build/lib:/Users/chaitanya/Documents/workers.io/alpenglow-proof/lean-specs/.lake/packages/batteries/.lake/build/lib /Users/chaitanya/Documents/workers.io/alpenglow-proof/lean-specs/.lake/packages/doc-gen4/.lake/build/bin/doc-gen4 single --build /Users/chaitanya/Documents/workers.io/alpenglow-proof/lean-specs/docbuild/.lake/build Main https://github.com/workersio/alpenglow-proof/blob/bd3650c333495d06d71b51b8573290e4ec64e3ba/lean-specs/Main.lean",
   "level": "trace"}],
 "inputs":
 [["<collection>",
   [["/Users/chaitanya/Documents/workers.io/alpenglow-proof/lean-specs/docbuild/.lake/build/doc/Basics.html",
     "13419649959080146215"],
    ["/Users/chaitanya/Documents/workers.io/alpenglow-proof/lean-specs/docbuild/.lake/build/doc/Algorithm1.html",
     "367329562919773826"],
    ["/Users/chaitanya/Documents/workers.io/alpenglow-proof/lean-specs/docbuild/.lake/build/doc/Algorithm2.html",
     "14621776834189790537"],
    ["/Users/chaitanya/Documents/workers.io/alpenglow-proof/lean-specs/docbuild/.lake/build/doc/Lemmas.html",
     "15607825320742484950"],
    ["/Users/chaitanya/Documents/workers.io/alpenglow-proof/lean-specs/docbuild/.lake/build/doc/Lemma20.html",
     "17949442475925957772"],
    ["/Users/chaitanya/Documents/workers.io/alpenglow-proof/lean-specs/docbuild/.lake/build/doc/Lemma21.html",
     "9423692727418808979"],
    ["/Users/chaitanya/Documents/workers.io/alpenglow-proof/lean-specs/docbuild/.lake/build/doc/Lemma22.html",
     "4556326546688900261"],
    ["/Users/chaitanya/Documents/workers.io/alpenglow-proof/lean-specs/docbuild/.lake/build/doc/Lemma23.html",
     "3806469910867782128"],
    ["/Users/chaitanya/Documents/workers.io/alpenglow-proof/lean-specs/docbuild/.lake/build/doc/Lemma27.html",
     "7912647684740727491"],
    ["/Users/chaitanya/Documents/workers.io/alpenglow-proof/lean-specs/docbuild/.lake/build/doc/Lemma28.html",
     "13075020202611980834"],
    ["/Users/chaitanya/Documents/workers.io/alpenglow-proof/lean-specs/docbuild/.lake/build/doc/Lemma36.html",
     "13390537015167022777"],
    ["/Users/chaitanya/Documents/workers.io/alpenglow-proof/lean-specs/docbuild/.lake/build/doc/Lemma33.html",
     "17770637110593917512"],
    ["/Users/chaitanya/Documents/workers.io/alpenglow-proof/lean-specs/docbuild/.lake/build/doc/Lemma35.html",
     "5996169606646298928"],
    ["/Users/chaitanya/Documents/workers.io/alpenglow-proof/lean-specs/docbuild/.lake/build/doc/Lemma37.html",
     "6177343993563513543"],
    ["/Users/chaitanya/Documents/workers.io/alpenglow-proof/lean-specs/docbuild/.lake/build/doc/Lemma38.html",
     "5761307771032724979"],
    ["/Users/chaitanya/Documents/workers.io/alpenglow-proof/lean-specs/docbuild/.lake/build/doc/Lemma39.html",
     "8268829838123928940"],
    ["/Users/chaitanya/Documents/workers.io/alpenglow-proof/lean-specs/docbuild/.lake/build/doc/Lemma40.html",
     "10832243659554780129"],
    ["/Users/chaitanya/Documents/workers.io/alpenglow-proof/lean-specs/docbuild/.lake/build/doc/Lemma41.html",
     "1877354534493902136"],
    ["/Users/chaitanya/Documents/workers.io/alpenglow-proof/lean-specs/docbuild/.lake/build/doc/Lemma42.html",
     "8108418432132975497"],
    ["/Users/chaitanya/Documents/workers.io/alpenglow-proof/lean-specs/docbuild/.lake/build/doc/Corollary34.html",
     "13398317676983418773"],
    ["/Users/chaitanya/Documents/workers.io/alpenglow-proof/lean-specs/docbuild/.lake/build/doc/StandstillRecovery.html",
     "12689496334060645982"],
    ["/Users/chaitanya/Documents/workers.io/alpenglow-proof/lean-specs/docbuild/.lake/build/doc/Theorem1.html",
     "5776408523277479065"],
    ["/Users/chaitanya/Documents/workers.io/alpenglow-proof/lean-specs/docbuild/.lake/build/doc/Theorem2.html",
     "11009117319602452075"]]],
  ["/Users/chaitanya/Documents/workers.io/alpenglow-proof/lean-specs/docbuild/.lake/build/doc-data/references.json",
   "11893762902049086281"],
  ["/Users/chaitanya/Documents/workers.io/alpenglow-proof/lean-specs/.lake/packages/doc-gen4/.lake/build/bin/doc-gen4",
   "14530417092425997119"],
  ["Main:leanArts", "6725133859362924334"]],
 "depHash": "9979426994352088285"}